#
# There is insufficient memory for the Java Runtime Environment to continue.
# Native memory allocation (mmap) failed to map 281018368 bytes for Failed to commit area from 0x000000071fa00000 to 0x0000000730600000 of length 281018368.
# Possible reasons:
#   The system is out of physical RAM or swap space
#   The process is running with CompressedOops enabled, and the Java Heap may be blocking the growth of the native heap
# Possible solutions:
#   Reduce memory load on the system
#   Increase physical memory or swap space
#   Check if swap backing store is full
#   Decrease Java heap size (-Xmx/-Xms)
#   Decrease number of Java threads
#   Decrease Java thread stack sizes (-Xss)
#   Set larger code cache with -XX:ReservedCodeCacheSize=
#   JVM is running with Zero Based Compressed Oops mode in which the Java heap is
#     placed in the first 32GB address space. The Java Heap base address is the
#     maximum limit for the native heap growth. Please use -XX:HeapBaseMinAddress
#     to set the Java Heap base and to place the Java Heap above 32GB virtual address.
# This output file may be truncated or incomplete.
#
#  Out of Memory Error (t:/workspace/open/src/hotspot/os/windows/os_windows.cpp:3269), pid=19408, tid=19980
#
# JRE version: Java(TM) SE Runtime Environment (11.0.2+9) (build 11.0.2+9-LTS)
# Java VM: Java HotSpot(TM) 64-Bit Server VM (11.0.2+9-LTS, mixed mode, tiered, compressed oops, g1 gc, windows-amd64)
# No core dump will be written. Minidumps are not enabled by default on client versions of Windows
#

---------------  S U M M A R Y ------------

Command Line: -Xms128m -Xmx4096m -Dfile.encoding=UTF-8 edu.handong.analysis.Main ./hw5data.csv ./hw5data.csv

Host: Intel(R) Core(TM) i5-4210U CPU @ 1.70GHz, 4 cores, 3G,  Windows 10 , 64 bit Build 17134 (10.0.17134.753)
Time: Tue May 21 01:05:34 2019 ¢¥eCN©öI¡¾©ö C¡ÍA¨ª¨öA elapsed time: 362 seconds (0d 0h 6m 2s)

---------------  T H R E A D  ---------------

Current thread (0x000001f741523800):  JavaThread "main" [_thread_in_vm, id=19980, stack(0x000000d862b00000,0x000000d862c00000)]

Stack: [0x000000d862b00000,0x000000d862c00000]
Native frames: (J=compiled Java code, j=interpreted, Vv=VM code, C=native code)
V  [jvm.dll+0x63574a]
V  [jvm.dll+0x77326f]
V  [jvm.dll+0x77491a]
V  [jvm.dll+0x774fd3]
V  [jvm.dll+0x25e418]
V  [jvm.dll+0x632c0a]
V  [jvm.dll+0x627645]
V  [jvm.dll+0x314e7c]
V  [jvm.dll+0x314d02]
V  [jvm.dll+0x31a576]
V  [jvm.dll+0x36635f]
V  [jvm.dll+0x365d80]
V  [jvm.dll+0x2f222a]
V  [jvm.dll+0x2eddcf]
V  [jvm.dll+0x5cac22]
V  [jvm.dll+0x5ca56f]
V  [jvm.dll+0x203cbd]
V  [jvm.dll+0x3759e5]
V  [jvm.dll+0x38739a]
C  0x000001f74986f46a

Java frames: (J=compiled Java code, j=interpreted, Vv=VM code)
j  java.util.Arrays.copyOf([Ljava/lang/Object;ILjava/lang/Class;)[Ljava/lang/Object;+7 java.base@11.0.2
j  java.util.Arrays.copyOf([Ljava/lang/Object;I)[Ljava/lang/Object;+6 java.base@11.0.2
j  java.util.ArrayList.grow(I)[Ljava/lang/Object;+10 java.base@11.0.2
j  java.util.ArrayList.grow()[Ljava/lang/Object;+7 java.base@11.0.2
J 243% c2 edu.handong.analysise.utils.Utils.getLines(Ljava/lang/String;Z)Ljava/util/ArrayList; (141 bytes) @ 0x000001f75133c24c [0x000001f75133c000+0x000000000000024c]
j  edu.handong.analysis.HGUCoursePatternAnalyzer.run([Ljava/lang/String;)V+39
j  edu.handong.analysis.Main.main([Ljava/lang/String;)V+10
v  ~StubRoutines::call_stub

---------------  P R O C E S S  ---------------

Threads class SMR info:
_java_thread_list=0x000001f764e76660, length=10, elements={
0x000001f741523800, 0x000001f764440800, 0x000001f764441800, 0x000001f764cd2000,
0x000001f764cd3000, 0x000001f764cd5000, 0x000001f764ce3800, 0x000001f764cfe800,
0x000001f764e58800, 0x000001f764e6a000
}

Java Threads: ( => current thread )
=>0x000001f741523800 JavaThread "main" [_thread_in_vm, id=19980, stack(0x000000d862b00000,0x000000d862c00000)]
  0x000001f764440800 JavaThread "Reference Handler" daemon [_thread_blocked, id=9204, stack(0x000000d863200000,0x000000d863300000)]
  0x000001f764441800 JavaThread "Finalizer" daemon [_thread_blocked, id=15048, stack(0x000000d863300000,0x000000d863400000)]
  0x000001f764cd2000 JavaThread "Signal Dispatcher" daemon [_thread_blocked, id=8588, stack(0x000000d863400000,0x000000d863500000)]
  0x000001f764cd3000 JavaThread "Attach Listener" daemon [_thread_blocked, id=21080, stack(0x000000d863500000,0x000000d863600000)]
  0x000001f764cd5000 JavaThread "C2 CompilerThread0" daemon [_thread_blocked, id=20048, stack(0x000000d863600000,0x000000d863700000)]
  0x000001f764ce3800 JavaThread "C1 CompilerThread0" daemon [_thread_blocked, id=10972, stack(0x000000d863700000,0x000000d863800000)]
  0x000001f764cfe800 JavaThread "Sweeper thread" daemon [_thread_blocked, id=21860, stack(0x000000d863800000,0x000000d863900000)]
  0x000001f764e58800 JavaThread "Service Thread" daemon [_thread_blocked, id=8484, stack(0x000000d863900000,0x000000d863a00000)]
  0x000001f764e6a000 JavaThread "Common-Cleaner" daemon [_thread_blocked, id=18744, stack(0x000000d863b00000,0x000000d863c00000)]

Other Threads:
  0x000001f76446d000 VMThread "VM Thread" [stack: 0x000000d863100000,0x000000d863200000] [id=10096]
  0x000001f764e69000 WatcherThread [stack: 0x000000d863a00000,0x000000d863b00000] [id=20360]
  0x000001f74153a000 GCTaskThread "GC Thread#0" [stack: 0x000000d862c00000,0x000000d862d00000] [id=5988]
  0x000001f76526a800 GCTaskThread "GC Thread#1" [stack: 0x000000d863c00000,0x000000d863d00000] [id=16484]
  0x000001f765259000 GCTaskThread "GC Thread#2" [stack: 0x000000d863d00000,0x000000d863e00000] [id=2332]
  0x000001f764d02800 GCTaskThread "GC Thread#3" [stack: 0x000000d862800000,0x000000d862900000] [id=3584]
  0x000001f74159a000 ConcurrentGCThread "G1 Main Marker" [stack: 0x000000d862d00000,0x000000d862e00000] [id=836]
  0x000001f74159b800 ConcurrentGCThread "G1 Conc#0" [stack: 0x000000d862e00000,0x000000d862f00000] [id=18084]
  0x000001f7642ac800 ConcurrentGCThread "G1 Refine#0" [stack: 0x000000d862f00000,0x000000d863000000] [id=15068]
  0x000001f765259800 ConcurrentGCThread "G1 Refine#1" [stack: 0x000000d863e00000,0x000000d863f00000] [id=4268]
  0x000001f76525d000 ConcurrentGCThread "G1 Refine#2" [stack: 0x000000d863f00000,0x000000d864000000] [id=16944]
  0x000001f764e7e800 ConcurrentGCThread "G1 Refine#3" [stack: 0x000000d864000000,0x000000d864100000] [id=16208]
  0x000001f7642ad800 ConcurrentGCThread "G1 Young RemSet Sampling" [stack: 0x000000d863000000,0x000000d863100000] [id=13128]

Threads with active compile tasks:

VM state:not at safepoint (normal execution)

VM Mutex/Monitor currently owned by a thread:  ([mutex/lock_event])
[0x000001f741522da0] Heap_lock - owner thread: 0x000001f741523800

Heap address: 0x0000000700000000, size: 4096 MB, Compressed Oops mode: Zero based, Oop shift amount: 3
Narrow klass base: 0x0000000800000000, Narrow klass shift: 0
Compressed class space size: 1073741824 Address: 0x0000000800000000

Heap:
 garbage-first heap   total 792576K, used 187050K [0x0000000700000000, 0x0000000800000000)
  region size 1024K, 0 young (0K), 0 survivors (0K)
 Metaspace       used 4422K, capacity 4536K, committed 4864K, reserved 1056768K
  class space    used 395K, capacity 428K, committed 512K, reserved 1048576K
Heap Regions: E=young(eden), S=young(survivor), O=old, HS=humongous(starts), HC=humongous(continues), CS=collection set, F=free, A=archive, TAMS=top-at-mark-start (previous, next)
|   0|0x0000000700000000, 0x0000000700000000, 0x0000000700100000|  0%| F|  |TAMS 0x0000000700000000, 0x0000000700000000| Untracked 
|   1|0x0000000700100000, 0x0000000700100000, 0x0000000700200000|  0%| F|  |TAMS 0x0000000700100000, 0x0000000700100000| Untracked 
|   2|0x0000000700200000, 0x0000000700300000, 0x0000000700300000|100%| O|  |TAMS 0x0000000700300000, 0x0000000700300000| Untracked 
|   3|0x0000000700300000, 0x0000000700400000, 0x0000000700400000|100%| O|  |TAMS 0x0000000700400000, 0x0000000700400000| Untracked 
|   4|0x0000000700400000, 0x0000000700400000, 0x0000000700500000|  0%| F|  |TAMS 0x0000000700400000, 0x0000000700400000| Untracked 
|   5|0x0000000700500000, 0x0000000700500000, 0x0000000700600000|  0%| F|  |TAMS 0x0000000700500000, 0x0000000700500000| Untracked 
|   6|0x0000000700600000, 0x0000000700600000, 0x0000000700700000|  0%| F|  |TAMS 0x0000000700600000, 0x0000000700600000| Untracked 
|   7|0x0000000700700000, 0x0000000700700000, 0x0000000700800000|  0%| F|  |TAMS 0x0000000700700000, 0x0000000700700000| Untracked 
|   8|0x0000000700800000, 0x0000000700800000, 0x0000000700900000|  0%| F|  |TAMS 0x0000000700800000, 0x0000000700800000| Untracked 
|   9|0x0000000700900000, 0x0000000700900000, 0x0000000700a00000|  0%| F|  |TAMS 0x0000000700900000, 0x0000000700900000| Untracked 
|  10|0x0000000700a00000, 0x0000000700a00000, 0x0000000700b00000|  0%| F|  |TAMS 0x0000000700a00000, 0x0000000700a00000| Untracked 
|  11|0x0000000700b00000, 0x0000000700b00000, 0x0000000700c00000|  0%| F|  |TAMS 0x0000000700b00000, 0x0000000700b00000| Untracked 
|  12|0x0000000700c00000, 0x0000000700c00000, 0x0000000700d00000|  0%| F|  |TAMS 0x0000000700c00000, 0x0000000700c00000| Untracked 
|  13|0x0000000700d00000, 0x0000000700e00000, 0x0000000700e00000|100%| O|  |TAMS 0x0000000700e00000, 0x0000000700e00000| Untracked 
|  14|0x0000000700e00000, 0x0000000700eaaa00, 0x0000000700f00000| 66%| O|  |TAMS 0x0000000700eaaa00, 0x0000000700eaaa00| Untracked 
|  15|0x0000000700f00000, 0x0000000700f00000, 0x0000000701000000|  0%| F|  |TAMS 0x0000000700f00000, 0x0000000700f00000| Untracked 
|  16|0x0000000701000000, 0x0000000701000000, 0x0000000701100000|  0%| F|  |TAMS 0x0000000701000000, 0x0000000701000000| Untracked 
|  17|0x0000000701100000, 0x0000000701100000, 0x0000000701200000|  0%| F|  |TAMS 0x0000000701100000, 0x0000000701100000| Untracked 
|  18|0x0000000701200000, 0x0000000701200000, 0x0000000701300000|  0%| F|  |TAMS 0x0000000701200000, 0x0000000701200000| Untracked 
|  19|0x0000000701300000, 0x0000000701300000, 0x0000000701400000|  0%| F|  |TAMS 0x0000000701300000, 0x0000000701300000| Untracked 
|  20|0x0000000701400000, 0x0000000701400000, 0x0000000701500000|  0%| F|  |TAMS 0x0000000701400000, 0x0000000701400000| Untracked 
|  21|0x0000000701500000, 0x0000000701500000, 0x0000000701600000|  0%| F|  |TAMS 0x0000000701500000, 0x0000000701500000| Untracked 
|  22|0x0000000701600000, 0x0000000701600000, 0x0000000701700000|  0%| F|  |TAMS 0x0000000701600000, 0x0000000701600000| Untracked 
|  23|0x0000000701700000, 0x0000000701700000, 0x0000000701800000|  0%| F|  |TAMS 0x0000000701700000, 0x0000000701700000| Untracked 
|  24|0x0000000701800000, 0x0000000701800000, 0x0000000701900000|  0%| F|  |TAMS 0x0000000701800000, 0x0000000701800000| Untracked 
|  25|0x0000000701900000, 0x0000000701900000, 0x0000000701a00000|  0%| F|  |TAMS 0x0000000701900000, 0x0000000701900000| Untracked 
|  26|0x0000000701a00000, 0x0000000701a00000, 0x0000000701b00000|  0%| F|  |TAMS 0x0000000701a00000, 0x0000000701a00000| Untracked 
|  27|0x0000000701b00000, 0x0000000701b00000, 0x0000000701c00000|  0%| F|  |TAMS 0x0000000701b00000, 0x0000000701b00000| Untracked 
|  28|0x0000000701c00000, 0x0000000701c00000, 0x0000000701d00000|  0%| F|  |TAMS 0x0000000701c00000, 0x0000000701c00000| Untracked 
|  29|0x0000000701d00000, 0x0000000701d00000, 0x0000000701e00000|  0%| F|  |TAMS 0x0000000701d00000, 0x0000000701d00000| Untracked 
|  30|0x0000000701e00000, 0x0000000701e00000, 0x0000000701f00000|  0%| F|  |TAMS 0x0000000701e00000, 0x0000000701e00000| Untracked 
|  31|0x0000000701f00000, 0x0000000701f00000, 0x0000000702000000|  0%| F|  |TAMS 0x0000000701f00000, 0x0000000701f00000| Untracked 
|  32|0x0000000702000000, 0x0000000702000000, 0x0000000702100000|  0%| F|  |TAMS 0x0000000702000000, 0x0000000702000000| Untracked 
|  33|0x0000000702100000, 0x0000000702100000, 0x0000000702200000|  0%| F|  |TAMS 0x0000000702100000, 0x0000000702100000| Untracked 
|  34|0x0000000702200000, 0x0000000702200000, 0x0000000702300000|  0%| F|  |TAMS 0x0000000702200000, 0x0000000702200000| Untracked 
|  35|0x0000000702300000, 0x0000000702300000, 0x0000000702400000|  0%| F|  |TAMS 0x0000000702300000, 0x0000000702300000| Untracked 
|  36|0x0000000702400000, 0x0000000702400000, 0x0000000702500000|  0%| F|  |TAMS 0x0000000702400000, 0x0000000702400000| Untracked 
|  37|0x0000000702500000, 0x0000000702500000, 0x0000000702600000|  0%| F|  |TAMS 0x0000000702500000, 0x0000000702500000| Untracked 
|  38|0x0000000702600000, 0x0000000702600000, 0x0000000702700000|  0%| F|  |TAMS 0x0000000702600000, 0x0000000702600000| Untracked 
|  39|0x0000000702700000, 0x0000000702700000, 0x0000000702800000|  0%| F|  |TAMS 0x0000000702700000, 0x0000000702700000| Untracked 
|  40|0x0000000702800000, 0x0000000702800000, 0x0000000702900000|  0%| F|  |TAMS 0x0000000702800000, 0x0000000702800000| Untracked 
|  41|0x0000000702900000, 0x0000000702900000, 0x0000000702a00000|  0%| F|  |TAMS 0x0000000702900000, 0x0000000702900000| Untracked 
|  42|0x0000000702a00000, 0x0000000702a00000, 0x0000000702b00000|  0%| F|  |TAMS 0x0000000702a00000, 0x0000000702a00000| Untracked 
|  43|0x0000000702b00000, 0x0000000702b00000, 0x0000000702c00000|  0%| F|  |TAMS 0x0000000702b00000, 0x0000000702b00000| Untracked 
|  44|0x0000000702c00000, 0x0000000702c00000, 0x0000000702d00000|  0%| F|  |TAMS 0x0000000702c00000, 0x0000000702c00000| Untracked 
|  45|0x0000000702d00000, 0x0000000702d00000, 0x0000000702e00000|  0%| F|  |TAMS 0x0000000702d00000, 0x0000000702d00000| Untracked 
|  46|0x0000000702e00000, 0x0000000702e00000, 0x0000000702f00000|  0%| F|  |TAMS 0x0000000702e00000, 0x0000000702e00000| Untracked 
|  47|0x0000000702f00000, 0x0000000702f00000, 0x0000000703000000|  0%| F|  |TAMS 0x0000000702f00000, 0x0000000702f00000| Untracked 
|  48|0x0000000703000000, 0x0000000703000000, 0x0000000703100000|  0%| F|  |TAMS 0x0000000703000000, 0x0000000703000000| Untracked 
|  49|0x0000000703100000, 0x0000000703100000, 0x0000000703200000|  0%| F|  |TAMS 0x0000000703100000, 0x0000000703100000| Untracked 
|  50|0x0000000703200000, 0x0000000703200000, 0x0000000703300000|  0%| F|  |TAMS 0x0000000703200000, 0x0000000703200000| Untracked 
|  51|0x0000000703300000, 0x0000000703300000, 0x0000000703400000|  0%| F|  |TAMS 0x0000000703300000, 0x0000000703300000| Untracked 
|  52|0x0000000703400000, 0x0000000703400000, 0x0000000703500000|  0%| F|  |TAMS 0x0000000703400000, 0x0000000703400000| Untracked 
|  53|0x0000000703500000, 0x0000000703500000, 0x0000000703600000|  0%| F|  |TAMS 0x0000000703500000, 0x0000000703500000| Untracked 
|  54|0x0000000703600000, 0x0000000703600000, 0x0000000703700000|  0%| F|  |TAMS 0x0000000703600000, 0x0000000703600000| Untracked 
|  55|0x0000000703700000, 0x0000000703700000, 0x0000000703800000|  0%| F|  |TAMS 0x0000000703700000, 0x0000000703700000| Untracked 
|  56|0x0000000703800000, 0x0000000703800000, 0x0000000703900000|  0%| F|  |TAMS 0x0000000703800000, 0x0000000703800000| Untracked 
|  57|0x0000000703900000, 0x0000000703900000, 0x0000000703a00000|  0%| F|  |TAMS 0x0000000703900000, 0x0000000703900000| Untracked 
|  58|0x0000000703a00000, 0x0000000703a00000, 0x0000000703b00000|  0%| F|  |TAMS 0x0000000703a00000, 0x0000000703a00000| Untracked 
|  59|0x0000000703b00000, 0x0000000703b00000, 0x0000000703c00000|  0%| F|  |TAMS 0x0000000703b00000, 0x0000000703b00000| Untracked 
|  60|0x0000000703c00000, 0x0000000703c00000, 0x0000000703d00000|  0%| F|  |TAMS 0x0000000703c00000, 0x0000000703c00000| Untracked 
|  61|0x0000000703d00000, 0x0000000703d00000, 0x0000000703e00000|  0%| F|  |TAMS 0x0000000703d00000, 0x0000000703d00000| Untracked 
|  62|0x0000000703e00000, 0x0000000703e00000, 0x0000000703f00000|  0%| F|  |TAMS 0x0000000703e00000, 0x0000000703e00000| Untracked 
|  63|0x0000000703f00000, 0x0000000703f00000, 0x0000000704000000|  0%| F|  |TAMS 0x0000000703f00000, 0x0000000703f00000| Untracked 
|  64|0x0000000704000000, 0x0000000704000000, 0x0000000704100000|  0%| F|  |TAMS 0x0000000704000000, 0x0000000704000000| Untracked 
|  65|0x0000000704100000, 0x0000000704100000, 0x0000000704200000|  0%| F|  |TAMS 0x0000000704100000, 0x0000000704100000| Untracked 
|  66|0x0000000704200000, 0x0000000704200000, 0x0000000704300000|  0%| F|  |TAMS 0x0000000704200000, 0x0000000704200000| Untracked 
|  67|0x0000000704300000, 0x0000000704300000, 0x0000000704400000|  0%| F|  |TAMS 0x0000000704300000, 0x0000000704300000| Untracked 
|  68|0x0000000704400000, 0x0000000704400000, 0x0000000704500000|  0%| F|  |TAMS 0x0000000704400000, 0x0000000704400000| Untracked 
|  69|0x0000000704500000, 0x0000000704500000, 0x0000000704600000|  0%| F|  |TAMS 0x0000000704500000, 0x0000000704500000| Untracked 
|  70|0x0000000704600000, 0x0000000704600000, 0x0000000704700000|  0%| F|  |TAMS 0x0000000704600000, 0x0000000704600000| Untracked 
|  71|0x0000000704700000, 0x0000000704700000, 0x0000000704800000|  0%| F|  |TAMS 0x0000000704700000, 0x0000000704700000| Untracked 
|  72|0x0000000704800000, 0x0000000704800000, 0x0000000704900000|  0%| F|  |TAMS 0x0000000704800000, 0x0000000704800000| Untracked 
|  73|0x0000000704900000, 0x0000000704900000, 0x0000000704a00000|  0%| F|  |TAMS 0x0000000704900000, 0x0000000704900000| Untracked 
|  74|0x0000000704a00000, 0x0000000704a00000, 0x0000000704b00000|  0%| F|  |TAMS 0x0000000704a00000, 0x0000000704a00000| Untracked 
|  75|0x0000000704b00000, 0x0000000704b00000, 0x0000000704c00000|  0%| F|  |TAMS 0x0000000704b00000, 0x0000000704b00000| Untracked 
|  76|0x0000000704c00000, 0x0000000704c00000, 0x0000000704d00000|  0%| F|  |TAMS 0x0000000704c00000, 0x0000000704c00000| Untracked 
|  77|0x0000000704d00000, 0x0000000704d00000, 0x0000000704e00000|  0%| F|  |TAMS 0x0000000704d00000, 0x0000000704d00000| Untracked 
|  78|0x0000000704e00000, 0x0000000704e00000, 0x0000000704f00000|  0%| F|  |TAMS 0x0000000704e00000, 0x0000000704e00000| Untracked 
|  79|0x0000000704f00000, 0x0000000704f00000, 0x0000000705000000|  0%| F|  |TAMS 0x0000000704f00000, 0x0000000704f00000| Untracked 
|  80|0x0000000705000000, 0x0000000705000000, 0x0000000705100000|  0%| F|  |TAMS 0x0000000705000000, 0x0000000705000000| Untracked 
|  81|0x0000000705100000, 0x0000000705100000, 0x0000000705200000|  0%| F|  |TAMS 0x0000000705100000, 0x0000000705100000| Untracked 
|  82|0x0000000705200000, 0x0000000705200000, 0x0000000705300000|  0%| F|  |TAMS 0x0000000705200000, 0x0000000705200000| Untracked 
|  83|0x0000000705300000, 0x0000000705300000, 0x0000000705400000|  0%| F|  |TAMS 0x0000000705300000, 0x0000000705300000| Untracked 
|  84|0x0000000705400000, 0x0000000705400000, 0x0000000705500000|  0%| F|  |TAMS 0x0000000705400000, 0x0000000705400000| Untracked 
|  85|0x0000000705500000, 0x0000000705500000, 0x0000000705600000|  0%| F|  |TAMS 0x0000000705500000, 0x0000000705500000| Untracked 
|  86|0x0000000705600000, 0x0000000705600000, 0x0000000705700000|  0%| F|  |TAMS 0x0000000705600000, 0x0000000705600000| Untracked 
|  87|0x0000000705700000, 0x0000000705700000, 0x0000000705800000|  0%| F|  |TAMS 0x0000000705700000, 0x0000000705700000| Untracked 
|  88|0x0000000705800000, 0x0000000705800000, 0x0000000705900000|  0%| F|  |TAMS 0x0000000705800000, 0x0000000705800000| Untracked 
|  89|0x0000000705900000, 0x0000000705900000, 0x0000000705a00000|  0%| F|  |TAMS 0x0000000705900000, 0x0000000705900000| Untracked 
|  90|0x0000000705a00000, 0x0000000705a00000, 0x0000000705b00000|  0%| F|  |TAMS 0x0000000705a00000, 0x0000000705a00000| Untracked 
|  91|0x0000000705b00000, 0x0000000705b00000, 0x0000000705c00000|  0%| F|  |TAMS 0x0000000705b00000, 0x0000000705b00000| Untracked 
|  92|0x0000000705c00000, 0x0000000705c00000, 0x0000000705d00000|  0%| F|  |TAMS 0x0000000705c00000, 0x0000000705c00000| Untracked 
|  93|0x0000000705d00000, 0x0000000705d00000, 0x0000000705e00000|  0%| F|  |TAMS 0x0000000705d00000, 0x0000000705d00000| Untracked 
|  94|0x0000000705e00000, 0x0000000705e00000, 0x0000000705f00000|  0%| F|  |TAMS 0x0000000705e00000, 0x0000000705e00000| Untracked 
|  95|0x0000000705f00000, 0x0000000705f00000, 0x0000000706000000|  0%| F|  |TAMS 0x0000000705f00000, 0x0000000705f00000| Untracked 
|  96|0x0000000706000000, 0x0000000706000000, 0x0000000706100000|  0%| F|  |TAMS 0x0000000706000000, 0x0000000706000000| Untracked 
|  97|0x0000000706100000, 0x0000000706100000, 0x0000000706200000|  0%| F|  |TAMS 0x0000000706100000, 0x0000000706100000| Untracked 
|  98|0x0000000706200000, 0x0000000706200000, 0x0000000706300000|  0%| F|  |TAMS 0x0000000706200000, 0x0000000706200000| Untracked 
|  99|0x0000000706300000, 0x0000000706300000, 0x0000000706400000|  0%| F|  |TAMS 0x0000000706300000, 0x0000000706300000| Untracked 
| 100|0x0000000706400000, 0x0000000706400000, 0x0000000706500000|  0%| F|  |TAMS 0x0000000706400000, 0x0000000706400000| Untracked 
| 101|0x0000000706500000, 0x0000000706500000, 0x0000000706600000|  0%| F|  |TAMS 0x0000000706500000, 0x0000000706500000| Untracked 
| 102|0x0000000706600000, 0x0000000706600000, 0x0000000706700000|  0%| F|  |TAMS 0x0000000706600000, 0x0000000706600000| Untracked 
| 103|0x0000000706700000, 0x0000000706700000, 0x0000000706800000|  0%| F|  |TAMS 0x0000000706700000, 0x0000000706700000| Untracked 
| 104|0x0000000706800000, 0x0000000706800000, 0x0000000706900000|  0%| F|  |TAMS 0x0000000706800000, 0x0000000706800000| Untracked 
| 105|0x0000000706900000, 0x0000000706900000, 0x0000000706a00000|  0%| F|  |TAMS 0x0000000706900000, 0x0000000706900000| Untracked 
| 106|0x0000000706a00000, 0x0000000706a00000, 0x0000000706b00000|  0%| F|  |TAMS 0x0000000706a00000, 0x0000000706a00000| Untracked 
| 107|0x0000000706b00000, 0x0000000706b00000, 0x0000000706c00000|  0%| F|  |TAMS 0x0000000706b00000, 0x0000000706b00000| Untracked 
| 108|0x0000000706c00000, 0x0000000706c00000, 0x0000000706d00000|  0%| F|  |TAMS 0x0000000706c00000, 0x0000000706c00000| Untracked 
| 109|0x0000000706d00000, 0x0000000706d00000, 0x0000000706e00000|  0%| F|  |TAMS 0x0000000706d00000, 0x0000000706d00000| Untracked 
| 110|0x0000000706e00000, 0x0000000706e00000, 0x0000000706f00000|  0%| F|  |TAMS 0x0000000706e00000, 0x0000000706e00000| Untracked 
| 111|0x0000000706f00000, 0x0000000706f00000, 0x0000000707000000|  0%| F|  |TAMS 0x0000000706f00000, 0x0000000706f00000| Untracked 
| 112|0x0000000707000000, 0x0000000707000000, 0x0000000707100000|  0%| F|  |TAMS 0x0000000707000000, 0x0000000707000000| Untracked 
| 113|0x0000000707100000, 0x0000000707100000, 0x0000000707200000|  0%| F|  |TAMS 0x0000000707100000, 0x0000000707100000| Untracked 
| 114|0x0000000707200000, 0x0000000707200000, 0x0000000707300000|  0%| F|  |TAMS 0x0000000707200000, 0x0000000707200000| Untracked 
| 115|0x0000000707300000, 0x0000000707300000, 0x0000000707400000|  0%| F|  |TAMS 0x0000000707300000, 0x0000000707300000| Untracked 
| 116|0x0000000707400000, 0x0000000707400000, 0x0000000707500000|  0%| F|  |TAMS 0x0000000707400000, 0x0000000707400000| Untracked 
| 117|0x0000000707500000, 0x0000000707500000, 0x0000000707600000|  0%| F|  |TAMS 0x0000000707500000, 0x0000000707500000| Untracked 
| 118|0x0000000707600000, 0x0000000707600000, 0x0000000707700000|  0%| F|  |TAMS 0x0000000707600000, 0x0000000707600000| Untracked 
| 119|0x0000000707700000, 0x0000000707700000, 0x0000000707800000|  0%| F|  |TAMS 0x0000000707700000, 0x0000000707700000| Untracked 
| 120|0x0000000707800000, 0x0000000707800000, 0x0000000707900000|  0%| F|  |TAMS 0x0000000707800000, 0x0000000707800000| Untracked 
| 121|0x0000000707900000, 0x0000000707900000, 0x0000000707a00000|  0%| F|  |TAMS 0x0000000707900000, 0x0000000707900000| Untracked 
| 122|0x0000000707a00000, 0x0000000707a00000, 0x0000000707b00000|  0%| F|  |TAMS 0x0000000707a00000, 0x0000000707a00000| Untracked 
| 123|0x0000000707b00000, 0x0000000707b00000, 0x0000000707c00000|  0%| F|  |TAMS 0x0000000707b00000, 0x0000000707b00000| Untracked 
| 124|0x0000000707c00000, 0x0000000707c00000, 0x0000000707d00000|  0%| F|  |TAMS 0x0000000707c00000, 0x0000000707c00000| Untracked 
| 125|0x0000000707d00000, 0x0000000707d00000, 0x0000000707e00000|  0%| F|  |TAMS 0x0000000707d00000, 0x0000000707d00000| Untracked 
| 126|0x0000000707e00000, 0x0000000707e00000, 0x0000000707f00000|  0%| F|  |TAMS 0x0000000707e00000, 0x0000000707e00000| Untracked 
| 127|0x0000000707f00000, 0x0000000707f00000, 0x0000000708000000|  0%| F|  |TAMS 0x0000000707f00000, 0x0000000707f00000| Untracked 
| 128|0x0000000708000000, 0x0000000708000000, 0x0000000708100000|  0%| F|  |TAMS 0x0000000708000000, 0x0000000708000000| Untracked 
| 129|0x0000000708100000, 0x0000000708100000, 0x0000000708200000|  0%| F|  |TAMS 0x0000000708100000, 0x0000000708100000| Untracked 
| 130|0x0000000708200000, 0x0000000708200000, 0x0000000708300000|  0%| F|  |TAMS 0x0000000708200000, 0x0000000708200000| Untracked 
| 131|0x0000000708300000, 0x0000000708300000, 0x0000000708400000|  0%| F|  |TAMS 0x0000000708300000, 0x0000000708300000| Untracked 
| 132|0x0000000708400000, 0x0000000708400000, 0x0000000708500000|  0%| F|  |TAMS 0x0000000708400000, 0x0000000708400000| Untracked 
| 133|0x0000000708500000, 0x0000000708500000, 0x0000000708600000|  0%| F|  |TAMS 0x0000000708500000, 0x0000000708500000| Untracked 
| 134|0x0000000708600000, 0x0000000708600000, 0x0000000708700000|  0%| F|  |TAMS 0x0000000708600000, 0x0000000708600000| Untracked 
| 135|0x0000000708700000, 0x0000000708700000, 0x0000000708800000|  0%| F|  |TAMS 0x0000000708700000, 0x0000000708700000| Untracked 
| 136|0x0000000708800000, 0x0000000708800000, 0x0000000708900000|  0%| F|  |TAMS 0x0000000708800000, 0x0000000708800000| Untracked 
| 137|0x0000000708900000, 0x0000000708900000, 0x0000000708a00000|  0%| F|  |TAMS 0x0000000708900000, 0x0000000708900000| Untracked 
| 138|0x0000000708a00000, 0x0000000708a00000, 0x0000000708b00000|  0%| F|  |TAMS 0x0000000708a00000, 0x0000000708a00000| Untracked 
| 139|0x0000000708b00000, 0x0000000708b00000, 0x0000000708c00000|  0%| F|  |TAMS 0x0000000708b00000, 0x0000000708b00000| Untracked 
| 140|0x0000000708c00000, 0x0000000708c00000, 0x0000000708d00000|  0%| F|  |TAMS 0x0000000708c00000, 0x0000000708c00000| Untracked 
| 141|0x0000000708d00000, 0x0000000708d00000, 0x0000000708e00000|  0%| F|  |TAMS 0x0000000708d00000, 0x0000000708d00000| Untracked 
| 142|0x0000000708e00000, 0x0000000708e00000, 0x0000000708f00000|  0%| F|  |TAMS 0x0000000708e00000, 0x0000000708e00000| Untracked 
| 143|0x0000000708f00000, 0x0000000708f00000, 0x0000000709000000|  0%| F|  |TAMS 0x0000000708f00000, 0x0000000708f00000| Untracked 
| 144|0x0000000709000000, 0x0000000709000000, 0x0000000709100000|  0%| F|  |TAMS 0x0000000709000000, 0x0000000709000000| Untracked 
| 145|0x0000000709100000, 0x0000000709100000, 0x0000000709200000|  0%| F|  |TAMS 0x0000000709100000, 0x0000000709100000| Untracked 
| 146|0x0000000709200000, 0x0000000709200000, 0x0000000709300000|  0%| F|  |TAMS 0x0000000709200000, 0x0000000709200000| Untracked 
| 147|0x0000000709300000, 0x0000000709300000, 0x0000000709400000|  0%| F|  |TAMS 0x0000000709300000, 0x0000000709300000| Untracked 
| 148|0x0000000709400000, 0x0000000709400000, 0x0000000709500000|  0%| F|  |TAMS 0x0000000709400000, 0x0000000709400000| Untracked 
| 149|0x0000000709500000, 0x0000000709500000, 0x0000000709600000|  0%| F|  |TAMS 0x0000000709500000, 0x0000000709500000| Untracked 
| 150|0x0000000709600000, 0x0000000709600000, 0x0000000709700000|  0%| F|  |TAMS 0x0000000709600000, 0x0000000709600000| Untracked 
| 151|0x0000000709700000, 0x0000000709700000, 0x0000000709800000|  0%| F|  |TAMS 0x0000000709700000, 0x0000000709700000| Untracked 
| 152|0x0000000709800000, 0x0000000709800000, 0x0000000709900000|  0%| F|  |TAMS 0x0000000709800000, 0x0000000709800000| Untracked 
| 153|0x0000000709900000, 0x0000000709900000, 0x0000000709a00000|  0%| F|  |TAMS 0x0000000709900000, 0x0000000709900000| Untracked 
| 154|0x0000000709a00000, 0x0000000709a00000, 0x0000000709b00000|  0%| F|  |TAMS 0x0000000709a00000, 0x0000000709a00000| Untracked 
| 155|0x0000000709b00000, 0x0000000709b00000, 0x0000000709c00000|  0%| F|  |TAMS 0x0000000709b00000, 0x0000000709b00000| Untracked 
| 156|0x0000000709c00000, 0x0000000709c00000, 0x0000000709d00000|  0%| F|  |TAMS 0x0000000709c00000, 0x0000000709c00000| Untracked 
| 157|0x0000000709d00000, 0x0000000709d00000, 0x0000000709e00000|  0%| F|  |TAMS 0x0000000709d00000, 0x0000000709d00000| Untracked 
| 158|0x0000000709e00000, 0x0000000709e00000, 0x0000000709f00000|  0%| F|  |TAMS 0x0000000709e00000, 0x0000000709e00000| Untracked 
| 159|0x0000000709f00000, 0x0000000709f00000, 0x000000070a000000|  0%| F|  |TAMS 0x0000000709f00000, 0x0000000709f00000| Untracked 
| 160|0x000000070a000000, 0x000000070a000000, 0x000000070a100000|  0%| F|  |TAMS 0x000000070a000000, 0x000000070a000000| Untracked 
| 161|0x000000070a100000, 0x000000070a100000, 0x000000070a200000|  0%| F|  |TAMS 0x000000070a100000, 0x000000070a100000| Untracked 
| 162|0x000000070a200000, 0x000000070a200000, 0x000000070a300000|  0%| F|  |TAMS 0x000000070a200000, 0x000000070a200000| Untracked 
| 163|0x000000070a300000, 0x000000070a300000, 0x000000070a400000|  0%| F|  |TAMS 0x000000070a300000, 0x000000070a300000| Untracked 
| 164|0x000000070a400000, 0x000000070a400000, 0x000000070a500000|  0%| F|  |TAMS 0x000000070a400000, 0x000000070a400000| Untracked 
| 165|0x000000070a500000, 0x000000070a500000, 0x000000070a600000|  0%| F|  |TAMS 0x000000070a500000, 0x000000070a500000| Untracked 
| 166|0x000000070a600000, 0x000000070a600000, 0x000000070a700000|  0%| F|  |TAMS 0x000000070a600000, 0x000000070a600000| Untracked 
| 167|0x000000070a700000, 0x000000070a700000, 0x000000070a800000|  0%| F|  |TAMS 0x000000070a700000, 0x000000070a700000| Untracked 
| 168|0x000000070a800000, 0x000000070a800000, 0x000000070a900000|  0%| F|  |TAMS 0x000000070a800000, 0x000000070a800000| Untracked 
| 169|0x000000070a900000, 0x000000070a900000, 0x000000070aa00000|  0%| F|  |TAMS 0x000000070a900000, 0x000000070a900000| Untracked 
| 170|0x000000070aa00000, 0x000000070aa00000, 0x000000070ab00000|  0%| F|  |TAMS 0x000000070aa00000, 0x000000070aa00000| Untracked 
| 171|0x000000070ab00000, 0x000000070ab00000, 0x000000070ac00000|  0%| F|  |TAMS 0x000000070ab00000, 0x000000070ab00000| Untracked 
| 172|0x000000070ac00000, 0x000000070ac00000, 0x000000070ad00000|  0%| F|  |TAMS 0x000000070ac00000, 0x000000070ac00000| Untracked 
| 173|0x000000070ad00000, 0x000000070ad00000, 0x000000070ae00000|  0%| F|  |TAMS 0x000000070ad00000, 0x000000070ad00000| Untracked 
| 174|0x000000070ae00000, 0x000000070ae00000, 0x000000070af00000|  0%| F|  |TAMS 0x000000070ae00000, 0x000000070ae00000| Untracked 
| 175|0x000000070af00000, 0x000000070af00000, 0x000000070b000000|  0%| F|  |TAMS 0x000000070af00000, 0x000000070af00000| Untracked 
| 176|0x000000070b000000, 0x000000070b000000, 0x000000070b100000|  0%| F|  |TAMS 0x000000070b000000, 0x000000070b000000| Untracked 
| 177|0x000000070b100000, 0x000000070b100000, 0x000000070b200000|  0%| F|  |TAMS 0x000000070b100000, 0x000000070b100000| Untracked 
| 178|0x000000070b200000, 0x000000070b200000, 0x000000070b300000|  0%| F|  |TAMS 0x000000070b200000, 0x000000070b200000| Untracked 
| 179|0x000000070b300000, 0x000000070b300000, 0x000000070b400000|  0%| F|  |TAMS 0x000000070b300000, 0x000000070b300000| Untracked 
| 180|0x000000070b400000, 0x000000070b400000, 0x000000070b500000|  0%| F|  |TAMS 0x000000070b400000, 0x000000070b400000| Untracked 
| 181|0x000000070b500000, 0x000000070b500000, 0x000000070b600000|  0%| F|  |TAMS 0x000000070b500000, 0x000000070b500000| Untracked 
| 182|0x000000070b600000, 0x000000070b600000, 0x000000070b700000|  0%| F|  |TAMS 0x000000070b600000, 0x000000070b600000| Untracked 
| 183|0x000000070b700000, 0x000000070b700000, 0x000000070b800000|  0%| F|  |TAMS 0x000000070b700000, 0x000000070b700000| Untracked 
| 184|0x000000070b800000, 0x000000070b800000, 0x000000070b900000|  0%| F|  |TAMS 0x000000070b800000, 0x000000070b800000| Untracked 
| 185|0x000000070b900000, 0x000000070b900000, 0x000000070ba00000|  0%| F|  |TAMS 0x000000070b900000, 0x000000070b900000| Untracked 
| 186|0x000000070ba00000, 0x000000070ba00000, 0x000000070bb00000|  0%| F|  |TAMS 0x000000070ba00000, 0x000000070ba00000| Untracked 
| 187|0x000000070bb00000, 0x000000070bb00000, 0x000000070bc00000|  0%| F|  |TAMS 0x000000070bb00000, 0x000000070bb00000| Untracked 
| 188|0x000000070bc00000, 0x000000070bc00000, 0x000000070bd00000|  0%| F|  |TAMS 0x000000070bc00000, 0x000000070bc00000| Untracked 
| 189|0x000000070bd00000, 0x000000070bd00000, 0x000000070be00000|  0%| F|  |TAMS 0x000000070bd00000, 0x000000070bd00000| Untracked 
| 190|0x000000070be00000, 0x000000070be00000, 0x000000070bf00000|  0%| F|  |TAMS 0x000000070be00000, 0x000000070be00000| Untracked 
| 191|0x000000070bf00000, 0x000000070bf00000, 0x000000070c000000|  0%| F|  |TAMS 0x000000070bf00000, 0x000000070bf00000| Untracked 
| 192|0x000000070c000000, 0x000000070c000000, 0x000000070c100000|  0%| F|  |TAMS 0x000000070c000000, 0x000000070c000000| Untracked 
| 193|0x000000070c100000, 0x000000070c100000, 0x000000070c200000|  0%| F|  |TAMS 0x000000070c100000, 0x000000070c100000| Untracked 
| 194|0x000000070c200000, 0x000000070c200000, 0x000000070c300000|  0%| F|  |TAMS 0x000000070c200000, 0x000000070c200000| Untracked 
| 195|0x000000070c300000, 0x000000070c300000, 0x000000070c400000|  0%| F|  |TAMS 0x000000070c300000, 0x000000070c300000| Untracked 
| 196|0x000000070c400000, 0x000000070c400000, 0x000000070c500000|  0%| F|  |TAMS 0x000000070c400000, 0x000000070c400000| Untracked 
| 197|0x000000070c500000, 0x000000070c500000, 0x000000070c600000|  0%| F|  |TAMS 0x000000070c500000, 0x000000070c500000| Untracked 
| 198|0x000000070c600000, 0x000000070c600000, 0x000000070c700000|  0%| F|  |TAMS 0x000000070c600000, 0x000000070c600000| Untracked 
| 199|0x000000070c700000, 0x000000070c700000, 0x000000070c800000|  0%| F|  |TAMS 0x000000070c700000, 0x000000070c700000| Untracked 
| 200|0x000000070c800000, 0x000000070c800000, 0x000000070c900000|  0%| F|  |TAMS 0x000000070c800000, 0x000000070c800000| Untracked 
| 201|0x000000070c900000, 0x000000070c900000, 0x000000070ca00000|  0%| F|  |TAMS 0x000000070c900000, 0x000000070c900000| Untracked 
| 202|0x000000070ca00000, 0x000000070ca00000, 0x000000070cb00000|  0%| F|  |TAMS 0x000000070ca00000, 0x000000070ca00000| Untracked 
| 203|0x000000070cb00000, 0x000000070cb00000, 0x000000070cc00000|  0%| F|  |TAMS 0x000000070cb00000, 0x000000070cb00000| Untracked 
| 204|0x000000070cc00000, 0x000000070cc00000, 0x000000070cd00000|  0%| F|  |TAMS 0x000000070cc00000, 0x000000070cc00000| Untracked 
| 205|0x000000070cd00000, 0x000000070cd00000, 0x000000070ce00000|  0%| F|  |TAMS 0x000000070cd00000, 0x000000070cd00000| Untracked 
| 206|0x000000070ce00000, 0x000000070ce00000, 0x000000070cf00000|  0%| F|  |TAMS 0x000000070ce00000, 0x000000070ce00000| Untracked 
| 207|0x000000070cf00000, 0x000000070cf00000, 0x000000070d000000|  0%| F|  |TAMS 0x000000070cf00000, 0x000000070cf00000| Untracked 
| 208|0x000000070d000000, 0x000000070d000000, 0x000000070d100000|  0%| F|  |TAMS 0x000000070d000000, 0x000000070d000000| Untracked 
| 209|0x000000070d100000, 0x000000070d100000, 0x000000070d200000|  0%| F|  |TAMS 0x000000070d100000, 0x000000070d100000| Untracked 
| 210|0x000000070d200000, 0x000000070d200000, 0x000000070d300000|  0%| F|  |TAMS 0x000000070d200000, 0x000000070d200000| Untracked 
| 211|0x000000070d300000, 0x000000070d300000, 0x000000070d400000|  0%| F|  |TAMS 0x000000070d300000, 0x000000070d300000| Untracked 
| 212|0x000000070d400000, 0x000000070d400000, 0x000000070d500000|  0%| F|  |TAMS 0x000000070d400000, 0x000000070d400000| Untracked 
| 213|0x000000070d500000, 0x000000070d500000, 0x000000070d600000|  0%| F|  |TAMS 0x000000070d500000, 0x000000070d500000| Untracked 
| 214|0x000000070d600000, 0x000000070d600000, 0x000000070d700000|  0%| F|  |TAMS 0x000000070d600000, 0x000000070d600000| Untracked 
| 215|0x000000070d700000, 0x000000070d700000, 0x000000070d800000|  0%| F|  |TAMS 0x000000070d700000, 0x000000070d700000| Untracked 
| 216|0x000000070d800000, 0x000000070d800000, 0x000000070d900000|  0%| F|  |TAMS 0x000000070d800000, 0x000000070d800000| Untracked 
| 217|0x000000070d900000, 0x000000070d900000, 0x000000070da00000|  0%| F|  |TAMS 0x000000070d900000, 0x000000070d900000| Untracked 
| 218|0x000000070da00000, 0x000000070da00000, 0x000000070db00000|  0%| F|  |TAMS 0x000000070da00000, 0x000000070da00000| Untracked 
| 219|0x000000070db00000, 0x000000070db00000, 0x000000070dc00000|  0%| F|  |TAMS 0x000000070db00000, 0x000000070db00000| Untracked 
| 220|0x000000070dc00000, 0x000000070dc00000, 0x000000070dd00000|  0%| F|  |TAMS 0x000000070dc00000, 0x000000070dc00000| Untracked 
| 221|0x000000070dd00000, 0x000000070dd00000, 0x000000070de00000|  0%| F|  |TAMS 0x000000070dd00000, 0x000000070dd00000| Untracked 
| 222|0x000000070de00000, 0x000000070de00000, 0x000000070df00000|  0%| F|  |TAMS 0x000000070de00000, 0x000000070de00000| Untracked 
| 223|0x000000070df00000, 0x000000070df00000, 0x000000070e000000|  0%| F|  |TAMS 0x000000070df00000, 0x000000070df00000| Untracked 
| 224|0x000000070e000000, 0x000000070e000000, 0x000000070e100000|  0%| F|  |TAMS 0x000000070e000000, 0x000000070e000000| Untracked 
| 225|0x000000070e100000, 0x000000070e100000, 0x000000070e200000|  0%| F|  |TAMS 0x000000070e100000, 0x000000070e100000| Untracked 
| 226|0x000000070e200000, 0x000000070e200000, 0x000000070e300000|  0%| F|  |TAMS 0x000000070e200000, 0x000000070e200000| Untracked 
| 227|0x000000070e300000, 0x000000070e300000, 0x000000070e400000|  0%| F|  |TAMS 0x000000070e300000, 0x000000070e300000| Untracked 
| 228|0x000000070e400000, 0x000000070e400000, 0x000000070e500000|  0%| F|  |TAMS 0x000000070e400000, 0x000000070e400000| Untracked 
| 229|0x000000070e500000, 0x000000070e500000, 0x000000070e600000|  0%| F|  |TAMS 0x000000070e500000, 0x000000070e500000| Untracked 
| 230|0x000000070e600000, 0x000000070e600000, 0x000000070e700000|  0%| F|  |TAMS 0x000000070e600000, 0x000000070e600000| Untracked 
| 231|0x000000070e700000, 0x000000070e700000, 0x000000070e800000|  0%| F|  |TAMS 0x000000070e700000, 0x000000070e700000| Untracked 
| 232|0x000000070e800000, 0x000000070e800000, 0x000000070e900000|  0%| F|  |TAMS 0x000000070e800000, 0x000000070e800000| Untracked 
| 233|0x000000070e900000, 0x000000070e900000, 0x000000070ea00000|  0%| F|  |TAMS 0x000000070e900000, 0x000000070e900000| Untracked 
| 234|0x000000070ea00000, 0x000000070ea00000, 0x000000070eb00000|  0%| F|  |TAMS 0x000000070ea00000, 0x000000070ea00000| Untracked 
| 235|0x000000070eb00000, 0x000000070eb00000, 0x000000070ec00000|  0%| F|  |TAMS 0x000000070eb00000, 0x000000070eb00000| Untracked 
| 236|0x000000070ec00000, 0x000000070ec00000, 0x000000070ed00000|  0%| F|  |TAMS 0x000000070ec00000, 0x000000070ec00000| Untracked 
| 237|0x000000070ed00000, 0x000000070ed00000, 0x000000070ee00000|  0%| F|  |TAMS 0x000000070ed00000, 0x000000070ed00000| Untracked 
| 238|0x000000070ee00000, 0x000000070ee00000, 0x000000070ef00000|  0%| F|  |TAMS 0x000000070ee00000, 0x000000070ee00000| Untracked 
| 239|0x000000070ef00000, 0x000000070ef00000, 0x000000070f000000|  0%| F|  |TAMS 0x000000070ef00000, 0x000000070ef00000| Untracked 
| 240|0x000000070f000000, 0x000000070f000000, 0x000000070f100000|  0%| F|  |TAMS 0x000000070f000000, 0x000000070f000000| Untracked 
| 241|0x000000070f100000, 0x000000070f100000, 0x000000070f200000|  0%| F|  |TAMS 0x000000070f100000, 0x000000070f100000| Untracked 
| 242|0x000000070f200000, 0x000000070f200000, 0x000000070f300000|  0%| F|  |TAMS 0x000000070f200000, 0x000000070f200000| Untracked 
| 243|0x000000070f300000, 0x000000070f300000, 0x000000070f400000|  0%| F|  |TAMS 0x000000070f300000, 0x000000070f300000| Untracked 
| 244|0x000000070f400000, 0x000000070f400000, 0x000000070f500000|  0%| F|  |TAMS 0x000000070f400000, 0x000000070f400000| Untracked 
| 245|0x000000070f500000, 0x000000070f500000, 0x000000070f600000|  0%| F|  |TAMS 0x000000070f500000, 0x000000070f500000| Untracked 
| 246|0x000000070f600000, 0x000000070f600000, 0x000000070f700000|  0%| F|  |TAMS 0x000000070f600000, 0x000000070f600000| Untracked 
| 247|0x000000070f700000, 0x000000070f700000, 0x000000070f800000|  0%| F|  |TAMS 0x000000070f700000, 0x000000070f700000| Untracked 
| 248|0x000000070f800000, 0x000000070f800000, 0x000000070f900000|  0%| F|  |TAMS 0x000000070f800000, 0x000000070f800000| Untracked 
| 249|0x000000070f900000, 0x000000070f900000, 0x000000070fa00000|  0%| F|  |TAMS 0x000000070f900000, 0x000000070f900000| Untracked 
| 250|0x000000070fa00000, 0x000000070fa00000, 0x000000070fb00000|  0%| F|  |TAMS 0x000000070fa00000, 0x000000070fa00000| Untracked 
| 251|0x000000070fb00000, 0x000000070fb00000, 0x000000070fc00000|  0%| F|  |TAMS 0x000000070fb00000, 0x000000070fb00000| Untracked 
| 252|0x000000070fc00000, 0x000000070fc00000, 0x000000070fd00000|  0%| F|  |TAMS 0x000000070fc00000, 0x000000070fc00000| Untracked 
| 253|0x000000070fd00000, 0x000000070fd00000, 0x000000070fe00000|  0%| F|  |TAMS 0x000000070fd00000, 0x000000070fd00000| Untracked 
| 254|0x000000070fe00000, 0x000000070fe00000, 0x000000070ff00000|  0%| F|  |TAMS 0x000000070fe00000, 0x000000070fe00000| Untracked 
| 255|0x000000070ff00000, 0x000000070ff00000, 0x0000000710000000|  0%| F|  |TAMS 0x000000070ff00000, 0x000000070ff00000| Untracked 
| 256|0x0000000710000000, 0x0000000710000000, 0x0000000710100000|  0%| F|  |TAMS 0x0000000710000000, 0x0000000710000000| Untracked 
| 257|0x0000000710100000, 0x0000000710100000, 0x0000000710200000|  0%| F|  |TAMS 0x0000000710100000, 0x0000000710100000| Untracked 
| 258|0x0000000710200000, 0x0000000710200000, 0x0000000710300000|  0%| F|  |TAMS 0x0000000710200000, 0x0000000710200000| Untracked 
| 259|0x0000000710300000, 0x0000000710300000, 0x0000000710400000|  0%| F|  |TAMS 0x0000000710300000, 0x0000000710300000| Untracked 
| 260|0x0000000710400000, 0x0000000710400000, 0x0000000710500000|  0%| F|  |TAMS 0x0000000710400000, 0x0000000710400000| Untracked 
| 261|0x0000000710500000, 0x0000000710500000, 0x0000000710600000|  0%| F|  |TAMS 0x0000000710500000, 0x0000000710500000| Untracked 
| 262|0x0000000710600000, 0x0000000710600000, 0x0000000710700000|  0%| F|  |TAMS 0x0000000710600000, 0x0000000710600000| Untracked 
| 263|0x0000000710700000, 0x0000000710700000, 0x0000000710800000|  0%| F|  |TAMS 0x0000000710700000, 0x0000000710700000| Untracked 
| 264|0x0000000710800000, 0x0000000710800000, 0x0000000710900000|  0%| F|  |TAMS 0x0000000710800000, 0x0000000710800000| Untracked 
| 265|0x0000000710900000, 0x0000000710900000, 0x0000000710a00000|  0%| F|  |TAMS 0x0000000710900000, 0x0000000710900000| Untracked 
| 266|0x0000000710a00000, 0x0000000710a00000, 0x0000000710b00000|  0%| F|  |TAMS 0x0000000710a00000, 0x0000000710a00000| Untracked 
| 267|0x0000000710b00000, 0x0000000710c00000, 0x0000000710c00000|100%|HS|  |TAMS 0x0000000710c00000, 0x0000000710c00000| Complete 
| 268|0x0000000710c00000, 0x0000000710d00000, 0x0000000710d00000|100%|HC|  |TAMS 0x0000000710d00000, 0x0000000710d00000| Complete 
| 269|0x0000000710d00000, 0x0000000710e00000, 0x0000000710e00000|100%|HC|  |TAMS 0x0000000710e00000, 0x0000000710e00000| Complete 
| 270|0x0000000710e00000, 0x0000000710f00000, 0x0000000710f00000|100%|HC|  |TAMS 0x0000000710f00000, 0x0000000710f00000| Complete 
| 271|0x0000000710f00000, 0x0000000711000000, 0x0000000711000000|100%|HC|  |TAMS 0x0000000711000000, 0x0000000711000000| Complete 
| 272|0x0000000711000000, 0x0000000711100000, 0x0000000711100000|100%|HC|  |TAMS 0x0000000711100000, 0x0000000711100000| Complete 
| 273|0x0000000711100000, 0x0000000711200000, 0x0000000711200000|100%|HC|  |TAMS 0x0000000711200000, 0x0000000711200000| Complete 
| 274|0x0000000711200000, 0x0000000711300000, 0x0000000711300000|100%|HC|  |TAMS 0x0000000711300000, 0x0000000711300000| Complete 
| 275|0x0000000711300000, 0x0000000711400000, 0x0000000711400000|100%|HC|  |TAMS 0x0000000711400000, 0x0000000711400000| Complete 
| 276|0x0000000711400000, 0x0000000711500000, 0x0000000711500000|100%|HC|  |TAMS 0x0000000711500000, 0x0000000711500000| Complete 
| 277|0x0000000711500000, 0x0000000711600000, 0x0000000711600000|100%|HC|  |TAMS 0x0000000711600000, 0x0000000711600000| Complete 
| 278|0x0000000711600000, 0x0000000711700000, 0x0000000711700000|100%|HC|  |TAMS 0x0000000711700000, 0x0000000711700000| Complete 
| 279|0x0000000711700000, 0x0000000711800000, 0x0000000711800000|100%|HC|  |TAMS 0x0000000711800000, 0x0000000711800000| Complete 
| 280|0x0000000711800000, 0x0000000711900000, 0x0000000711900000|100%|HC|  |TAMS 0x0000000711900000, 0x0000000711900000| Complete 
| 281|0x0000000711900000, 0x0000000711a00000, 0x0000000711a00000|100%|HC|  |TAMS 0x0000000711a00000, 0x0000000711a00000| Complete 
| 282|0x0000000711a00000, 0x0000000711b00000, 0x0000000711b00000|100%|HC|  |TAMS 0x0000000711b00000, 0x0000000711b00000| Complete 
| 283|0x0000000711b00000, 0x0000000711c00000, 0x0000000711c00000|100%|HC|  |TAMS 0x0000000711c00000, 0x0000000711c00000| Complete 
| 284|0x0000000711c00000, 0x0000000711d00000, 0x0000000711d00000|100%|HC|  |TAMS 0x0000000711d00000, 0x0000000711d00000| Complete 
| 285|0x0000000711d00000, 0x0000000711e00000, 0x0000000711e00000|100%|HC|  |TAMS 0x0000000711e00000, 0x0000000711e00000| Complete 
| 286|0x0000000711e00000, 0x0000000711f00000, 0x0000000711f00000|100%|HC|  |TAMS 0x0000000711f00000, 0x0000000711f00000| Complete 
| 287|0x0000000711f00000, 0x0000000712000000, 0x0000000712000000|100%|HC|  |TAMS 0x0000000712000000, 0x0000000712000000| Complete 
| 288|0x0000000712000000, 0x0000000712100000, 0x0000000712100000|100%|HC|  |TAMS 0x0000000712100000, 0x0000000712100000| Complete 
| 289|0x0000000712100000, 0x0000000712200000, 0x0000000712200000|100%|HC|  |TAMS 0x0000000712200000, 0x0000000712200000| Complete 
| 290|0x0000000712200000, 0x0000000712300000, 0x0000000712300000|100%|HC|  |TAMS 0x0000000712300000, 0x0000000712300000| Complete 
| 291|0x0000000712300000, 0x0000000712400000, 0x0000000712400000|100%|HC|  |TAMS 0x0000000712400000, 0x0000000712400000| Complete 
| 292|0x0000000712400000, 0x0000000712500000, 0x0000000712500000|100%|HC|  |TAMS 0x0000000712500000, 0x0000000712500000| Complete 
| 293|0x0000000712500000, 0x0000000712600000, 0x0000000712600000|100%|HC|  |TAMS 0x0000000712600000, 0x0000000712600000| Complete 
| 294|0x0000000712600000, 0x0000000712700000, 0x0000000712700000|100%|HC|  |TAMS 0x0000000712700000, 0x0000000712700000| Complete 
| 295|0x0000000712700000, 0x0000000712800000, 0x0000000712800000|100%|HC|  |TAMS 0x0000000712800000, 0x0000000712800000| Complete 
| 296|0x0000000712800000, 0x0000000712900000, 0x0000000712900000|100%|HC|  |TAMS 0x0000000712900000, 0x0000000712900000| Complete 
| 297|0x0000000712900000, 0x0000000712a00000, 0x0000000712a00000|100%|HC|  |TAMS 0x0000000712a00000, 0x0000000712a00000| Complete 
| 298|0x0000000712a00000, 0x0000000712b00000, 0x0000000712b00000|100%|HC|  |TAMS 0x0000000712b00000, 0x0000000712b00000| Complete 
| 299|0x0000000712b00000, 0x0000000712c00000, 0x0000000712c00000|100%|HC|  |TAMS 0x0000000712c00000, 0x0000000712c00000| Complete 
| 300|0x0000000712c00000, 0x0000000712d00000, 0x0000000712d00000|100%|HC|  |TAMS 0x0000000712d00000, 0x0000000712d00000| Complete 
| 301|0x0000000712d00000, 0x0000000712e00000, 0x0000000712e00000|100%|HC|  |TAMS 0x0000000712e00000, 0x0000000712e00000| Complete 
| 302|0x0000000712e00000, 0x0000000712f00000, 0x0000000712f00000|100%|HC|  |TAMS 0x0000000712f00000, 0x0000000712f00000| Complete 
| 303|0x0000000712f00000, 0x0000000713000000, 0x0000000713000000|100%|HC|  |TAMS 0x0000000713000000, 0x0000000713000000| Complete 
| 304|0x0000000713000000, 0x0000000713100000, 0x0000000713100000|100%|HC|  |TAMS 0x0000000713100000, 0x0000000713100000| Complete 
| 305|0x0000000713100000, 0x0000000713200000, 0x0000000713200000|100%|HC|  |TAMS 0x0000000713200000, 0x0000000713200000| Complete 
| 306|0x0000000713200000, 0x0000000713300000, 0x0000000713300000|100%|HC|  |TAMS 0x0000000713300000, 0x0000000713300000| Complete 
| 307|0x0000000713300000, 0x0000000713400000, 0x0000000713400000|100%|HC|  |TAMS 0x0000000713400000, 0x0000000713400000| Complete 
| 308|0x0000000713400000, 0x0000000713500000, 0x0000000713500000|100%|HC|  |TAMS 0x0000000713500000, 0x0000000713500000| Complete 
| 309|0x0000000713500000, 0x0000000713600000, 0x0000000713600000|100%|HC|  |TAMS 0x0000000713600000, 0x0000000713600000| Complete 
| 310|0x0000000713600000, 0x0000000713700000, 0x0000000713700000|100%|HC|  |TAMS 0x0000000713700000, 0x0000000713700000| Complete 
| 311|0x0000000713700000, 0x0000000713800000, 0x0000000713800000|100%|HC|  |TAMS 0x0000000713800000, 0x0000000713800000| Complete 
| 312|0x0000000713800000, 0x0000000713900000, 0x0000000713900000|100%|HC|  |TAMS 0x0000000713900000, 0x0000000713900000| Complete 
| 313|0x0000000713900000, 0x0000000713a00000, 0x0000000713a00000|100%|HC|  |TAMS 0x0000000713a00000, 0x0000000713a00000| Complete 
| 314|0x0000000713a00000, 0x0000000713b00000, 0x0000000713b00000|100%|HC|  |TAMS 0x0000000713b00000, 0x0000000713b00000| Complete 
| 315|0x0000000713b00000, 0x0000000713c00000, 0x0000000713c00000|100%|HC|  |TAMS 0x0000000713c00000, 0x0000000713c00000| Complete 
| 316|0x0000000713c00000, 0x0000000713d00000, 0x0000000713d00000|100%|HC|  |TAMS 0x0000000713d00000, 0x0000000713d00000| Complete 
| 317|0x0000000713d00000, 0x0000000713e00000, 0x0000000713e00000|100%|HC|  |TAMS 0x0000000713e00000, 0x0000000713e00000| Complete 
| 318|0x0000000713e00000, 0x0000000713f00000, 0x0000000713f00000|100%|HC|  |TAMS 0x0000000713f00000, 0x0000000713f00000| Complete 
| 319|0x0000000713f00000, 0x0000000714000000, 0x0000000714000000|100%|HC|  |TAMS 0x0000000714000000, 0x0000000714000000| Complete 
| 320|0x0000000714000000, 0x0000000714100000, 0x0000000714100000|100%|HC|  |TAMS 0x0000000714100000, 0x0000000714100000| Complete 
| 321|0x0000000714100000, 0x0000000714200000, 0x0000000714200000|100%|HC|  |TAMS 0x0000000714200000, 0x0000000714200000| Complete 
| 322|0x0000000714200000, 0x0000000714300000, 0x0000000714300000|100%|HC|  |TAMS 0x0000000714300000, 0x0000000714300000| Complete 
| 323|0x0000000714300000, 0x0000000714400000, 0x0000000714400000|100%|HC|  |TAMS 0x0000000714400000, 0x0000000714400000| Complete 
| 324|0x0000000714400000, 0x0000000714500000, 0x0000000714500000|100%|HC|  |TAMS 0x0000000714500000, 0x0000000714500000| Complete 
| 325|0x0000000714500000, 0x0000000714600000, 0x0000000714600000|100%|HC|  |TAMS 0x0000000714600000, 0x0000000714600000| Complete 
| 326|0x0000000714600000, 0x0000000714700000, 0x0000000714700000|100%|HC|  |TAMS 0x0000000714700000, 0x0000000714700000| Complete 
| 327|0x0000000714700000, 0x0000000714800000, 0x0000000714800000|100%|HC|  |TAMS 0x0000000714800000, 0x0000000714800000| Complete 
| 328|0x0000000714800000, 0x0000000714900000, 0x0000000714900000|100%|HC|  |TAMS 0x0000000714900000, 0x0000000714900000| Complete 
| 329|0x0000000714900000, 0x0000000714a00000, 0x0000000714a00000|100%|HC|  |TAMS 0x0000000714a00000, 0x0000000714a00000| Complete 
| 330|0x0000000714a00000, 0x0000000714b00000, 0x0000000714b00000|100%|HC|  |TAMS 0x0000000714b00000, 0x0000000714b00000| Complete 
| 331|0x0000000714b00000, 0x0000000714c00000, 0x0000000714c00000|100%|HC|  |TAMS 0x0000000714c00000, 0x0000000714c00000| Complete 
| 332|0x0000000714c00000, 0x0000000714d00000, 0x0000000714d00000|100%|HC|  |TAMS 0x0000000714d00000, 0x0000000714d00000| Complete 
| 333|0x0000000714d00000, 0x0000000714e00000, 0x0000000714e00000|100%|HC|  |TAMS 0x0000000714e00000, 0x0000000714e00000| Complete 
| 334|0x0000000714e00000, 0x0000000714f00000, 0x0000000714f00000|100%|HC|  |TAMS 0x0000000714f00000, 0x0000000714f00000| Complete 
| 335|0x0000000714f00000, 0x0000000715000000, 0x0000000715000000|100%|HC|  |TAMS 0x0000000715000000, 0x0000000715000000| Complete 
| 336|0x0000000715000000, 0x0000000715100000, 0x0000000715100000|100%|HC|  |TAMS 0x0000000715100000, 0x0000000715100000| Complete 
| 337|0x0000000715100000, 0x0000000715200000, 0x0000000715200000|100%|HC|  |TAMS 0x0000000715200000, 0x0000000715200000| Complete 
| 338|0x0000000715200000, 0x0000000715300000, 0x0000000715300000|100%|HC|  |TAMS 0x0000000715300000, 0x0000000715300000| Complete 
| 339|0x0000000715300000, 0x0000000715400000, 0x0000000715400000|100%|HC|  |TAMS 0x0000000715400000, 0x0000000715400000| Complete 
| 340|0x0000000715400000, 0x0000000715500000, 0x0000000715500000|100%|HC|  |TAMS 0x0000000715500000, 0x0000000715500000| Complete 
| 341|0x0000000715500000, 0x0000000715600000, 0x0000000715600000|100%|HC|  |TAMS 0x0000000715600000, 0x0000000715600000| Complete 
| 342|0x0000000715600000, 0x0000000715700000, 0x0000000715700000|100%|HC|  |TAMS 0x0000000715700000, 0x0000000715700000| Complete 
| 343|0x0000000715700000, 0x0000000715800000, 0x0000000715800000|100%|HC|  |TAMS 0x0000000715800000, 0x0000000715800000| Complete 
| 344|0x0000000715800000, 0x0000000715900000, 0x0000000715900000|100%|HC|  |TAMS 0x0000000715900000, 0x0000000715900000| Complete 
| 345|0x0000000715900000, 0x0000000715a00000, 0x0000000715a00000|100%|HC|  |TAMS 0x0000000715a00000, 0x0000000715a00000| Complete 
| 346|0x0000000715a00000, 0x0000000715b00000, 0x0000000715b00000|100%|HC|  |TAMS 0x0000000715b00000, 0x0000000715b00000| Complete 
| 347|0x0000000715b00000, 0x0000000715c00000, 0x0000000715c00000|100%|HC|  |TAMS 0x0000000715c00000, 0x0000000715c00000| Complete 
| 348|0x0000000715c00000, 0x0000000715d00000, 0x0000000715d00000|100%|HC|  |TAMS 0x0000000715d00000, 0x0000000715d00000| Complete 
| 349|0x0000000715d00000, 0x0000000715e00000, 0x0000000715e00000|100%|HC|  |TAMS 0x0000000715e00000, 0x0000000715e00000| Complete 
| 350|0x0000000715e00000, 0x0000000715f00000, 0x0000000715f00000|100%|HC|  |TAMS 0x0000000715f00000, 0x0000000715f00000| Complete 
| 351|0x0000000715f00000, 0x0000000716000000, 0x0000000716000000|100%|HC|  |TAMS 0x0000000716000000, 0x0000000716000000| Complete 
| 352|0x0000000716000000, 0x0000000716100000, 0x0000000716100000|100%|HC|  |TAMS 0x0000000716100000, 0x0000000716100000| Complete 
| 353|0x0000000716100000, 0x0000000716200000, 0x0000000716200000|100%|HC|  |TAMS 0x0000000716200000, 0x0000000716200000| Complete 
| 354|0x0000000716200000, 0x0000000716300000, 0x0000000716300000|100%|HC|  |TAMS 0x0000000716300000, 0x0000000716300000| Complete 
| 355|0x0000000716300000, 0x0000000716400000, 0x0000000716400000|100%|HC|  |TAMS 0x0000000716400000, 0x0000000716400000| Complete 
| 356|0x0000000716400000, 0x0000000716500000, 0x0000000716500000|100%|HC|  |TAMS 0x0000000716500000, 0x0000000716500000| Complete 
| 357|0x0000000716500000, 0x0000000716600000, 0x0000000716600000|100%|HC|  |TAMS 0x0000000716600000, 0x0000000716600000| Complete 
| 358|0x0000000716600000, 0x0000000716700000, 0x0000000716700000|100%|HC|  |TAMS 0x0000000716700000, 0x0000000716700000| Complete 
| 359|0x0000000716700000, 0x0000000716800000, 0x0000000716800000|100%|HC|  |TAMS 0x0000000716800000, 0x0000000716800000| Complete 
| 360|0x0000000716800000, 0x0000000716900000, 0x0000000716900000|100%|HC|  |TAMS 0x0000000716900000, 0x0000000716900000| Complete 
| 361|0x0000000716900000, 0x0000000716a00000, 0x0000000716a00000|100%|HC|  |TAMS 0x0000000716a00000, 0x0000000716a00000| Complete 
| 362|0x0000000716a00000, 0x0000000716b00000, 0x0000000716b00000|100%|HC|  |TAMS 0x0000000716b00000, 0x0000000716b00000| Complete 
| 363|0x0000000716b00000, 0x0000000716c00000, 0x0000000716c00000|100%|HC|  |TAMS 0x0000000716c00000, 0x0000000716c00000| Complete 
| 364|0x0000000716c00000, 0x0000000716d00000, 0x0000000716d00000|100%|HC|  |TAMS 0x0000000716d00000, 0x0000000716d00000| Complete 
| 365|0x0000000716d00000, 0x0000000716e00000, 0x0000000716e00000|100%|HC|  |TAMS 0x0000000716e00000, 0x0000000716e00000| Complete 
| 366|0x0000000716e00000, 0x0000000716f00000, 0x0000000716f00000|100%|HC|  |TAMS 0x0000000716f00000, 0x0000000716f00000| Complete 
| 367|0x0000000716f00000, 0x0000000717000000, 0x0000000717000000|100%|HC|  |TAMS 0x0000000717000000, 0x0000000717000000| Complete 
| 368|0x0000000717000000, 0x0000000717100000, 0x0000000717100000|100%|HC|  |TAMS 0x0000000717100000, 0x0000000717100000| Complete 
| 369|0x0000000717100000, 0x0000000717200000, 0x0000000717200000|100%|HC|  |TAMS 0x0000000717200000, 0x0000000717200000| Complete 
| 370|0x0000000717200000, 0x0000000717300000, 0x0000000717300000|100%|HC|  |TAMS 0x0000000717300000, 0x0000000717300000| Complete 
| 371|0x0000000717300000, 0x0000000717400000, 0x0000000717400000|100%|HC|  |TAMS 0x0000000717400000, 0x0000000717400000| Complete 
| 372|0x0000000717400000, 0x0000000717500000, 0x0000000717500000|100%|HC|  |TAMS 0x0000000717500000, 0x0000000717500000| Complete 
| 373|0x0000000717500000, 0x0000000717600000, 0x0000000717600000|100%|HC|  |TAMS 0x0000000717600000, 0x0000000717600000| Complete 
| 374|0x0000000717600000, 0x0000000717700000, 0x0000000717700000|100%|HC|  |TAMS 0x0000000717700000, 0x0000000717700000| Complete 
| 375|0x0000000717700000, 0x0000000717800000, 0x0000000717800000|100%|HC|  |TAMS 0x0000000717800000, 0x0000000717800000| Complete 
| 376|0x0000000717800000, 0x0000000717900000, 0x0000000717900000|100%|HC|  |TAMS 0x0000000717900000, 0x0000000717900000| Complete 
| 377|0x0000000717900000, 0x0000000717a00000, 0x0000000717a00000|100%|HC|  |TAMS 0x0000000717a00000, 0x0000000717a00000| Complete 
| 378|0x0000000717a00000, 0x0000000717b00000, 0x0000000717b00000|100%|HC|  |TAMS 0x0000000717b00000, 0x0000000717b00000| Complete 
| 379|0x0000000717b00000, 0x0000000717c00000, 0x0000000717c00000|100%|HC|  |TAMS 0x0000000717c00000, 0x0000000717c00000| Complete 
| 380|0x0000000717c00000, 0x0000000717d00000, 0x0000000717d00000|100%|HC|  |TAMS 0x0000000717d00000, 0x0000000717d00000| Complete 
| 381|0x0000000717d00000, 0x0000000717e00000, 0x0000000717e00000|100%|HC|  |TAMS 0x0000000717e00000, 0x0000000717e00000| Complete 
| 382|0x0000000717e00000, 0x0000000717f00000, 0x0000000717f00000|100%|HC|  |TAMS 0x0000000717f00000, 0x0000000717f00000| Complete 
| 383|0x0000000717f00000, 0x0000000718000000, 0x0000000718000000|100%|HC|  |TAMS 0x0000000718000000, 0x0000000718000000| Complete 
| 384|0x0000000718000000, 0x0000000718100000, 0x0000000718100000|100%|HC|  |TAMS 0x0000000718100000, 0x0000000718100000| Complete 
| 385|0x0000000718100000, 0x0000000718200000, 0x0000000718200000|100%|HC|  |TAMS 0x0000000718200000, 0x0000000718200000| Complete 
| 386|0x0000000718200000, 0x0000000718300000, 0x0000000718300000|100%|HC|  |TAMS 0x0000000718300000, 0x0000000718300000| Complete 
| 387|0x0000000718300000, 0x0000000718400000, 0x0000000718400000|100%|HC|  |TAMS 0x0000000718400000, 0x0000000718400000| Complete 
| 388|0x0000000718400000, 0x0000000718500000, 0x0000000718500000|100%|HC|  |TAMS 0x0000000718500000, 0x0000000718500000| Complete 
| 389|0x0000000718500000, 0x0000000718600000, 0x0000000718600000|100%|HC|  |TAMS 0x0000000718600000, 0x0000000718600000| Complete 
| 390|0x0000000718600000, 0x0000000718700000, 0x0000000718700000|100%|HC|  |TAMS 0x0000000718700000, 0x0000000718700000| Complete 
| 391|0x0000000718700000, 0x0000000718800000, 0x0000000718800000|100%|HC|  |TAMS 0x0000000718800000, 0x0000000718800000| Complete 
| 392|0x0000000718800000, 0x0000000718900000, 0x0000000718900000|100%|HC|  |TAMS 0x0000000718900000, 0x0000000718900000| Complete 
| 393|0x0000000718900000, 0x0000000718a00000, 0x0000000718a00000|100%|HC|  |TAMS 0x0000000718a00000, 0x0000000718a00000| Complete 
| 394|0x0000000718a00000, 0x0000000718b00000, 0x0000000718b00000|100%|HC|  |TAMS 0x0000000718b00000, 0x0000000718b00000| Complete 
| 395|0x0000000718b00000, 0x0000000718c00000, 0x0000000718c00000|100%|HC|  |TAMS 0x0000000718c00000, 0x0000000718c00000| Complete 
| 396|0x0000000718c00000, 0x0000000718d00000, 0x0000000718d00000|100%|HC|  |TAMS 0x0000000718d00000, 0x0000000718d00000| Complete 
| 397|0x0000000718d00000, 0x0000000718e00000, 0x0000000718e00000|100%|HC|  |TAMS 0x0000000718e00000, 0x0000000718e00000| Complete 
| 398|0x0000000718e00000, 0x0000000718f00000, 0x0000000718f00000|100%|HC|  |TAMS 0x0000000718f00000, 0x0000000718f00000| Complete 
| 399|0x0000000718f00000, 0x0000000719000000, 0x0000000719000000|100%|HC|  |TAMS 0x0000000719000000, 0x0000000719000000| Complete 
| 400|0x0000000719000000, 0x0000000719100000, 0x0000000719100000|100%|HC|  |TAMS 0x0000000719100000, 0x0000000719100000| Complete 
| 401|0x0000000719100000, 0x0000000719200000, 0x0000000719200000|100%|HC|  |TAMS 0x0000000719200000, 0x0000000719200000| Complete 
| 402|0x0000000719200000, 0x0000000719300000, 0x0000000719300000|100%|HC|  |TAMS 0x0000000719300000, 0x0000000719300000| Complete 
| 403|0x0000000719300000, 0x0000000719400000, 0x0000000719400000|100%|HC|  |TAMS 0x0000000719400000, 0x0000000719400000| Complete 
| 404|0x0000000719400000, 0x0000000719500000, 0x0000000719500000|100%|HC|  |TAMS 0x0000000719500000, 0x0000000719500000| Complete 
| 405|0x0000000719500000, 0x0000000719600000, 0x0000000719600000|100%|HC|  |TAMS 0x0000000719600000, 0x0000000719600000| Complete 
| 406|0x0000000719600000, 0x0000000719700000, 0x0000000719700000|100%|HC|  |TAMS 0x0000000719700000, 0x0000000719700000| Complete 
| 407|0x0000000719700000, 0x0000000719800000, 0x0000000719800000|100%|HC|  |TAMS 0x0000000719800000, 0x0000000719800000| Complete 
| 408|0x0000000719800000, 0x0000000719900000, 0x0000000719900000|100%|HC|  |TAMS 0x0000000719900000, 0x0000000719900000| Complete 
| 409|0x0000000719900000, 0x0000000719a00000, 0x0000000719a00000|100%|HC|  |TAMS 0x0000000719a00000, 0x0000000719a00000| Complete 
| 410|0x0000000719a00000, 0x0000000719b00000, 0x0000000719b00000|100%|HC|  |TAMS 0x0000000719b00000, 0x0000000719b00000| Complete 
| 411|0x0000000719b00000, 0x0000000719c00000, 0x0000000719c00000|100%|HC|  |TAMS 0x0000000719c00000, 0x0000000719c00000| Complete 
| 412|0x0000000719c00000, 0x0000000719d00000, 0x0000000719d00000|100%|HC|  |TAMS 0x0000000719d00000, 0x0000000719d00000| Complete 
| 413|0x0000000719d00000, 0x0000000719e00000, 0x0000000719e00000|100%|HC|  |TAMS 0x0000000719e00000, 0x0000000719e00000| Complete 
| 414|0x0000000719e00000, 0x0000000719f00000, 0x0000000719f00000|100%|HC|  |TAMS 0x0000000719f00000, 0x0000000719f00000| Complete 
| 415|0x0000000719f00000, 0x000000071a000000, 0x000000071a000000|100%|HC|  |TAMS 0x000000071a000000, 0x000000071a000000| Complete 
| 416|0x000000071a000000, 0x000000071a100000, 0x000000071a100000|100%|HC|  |TAMS 0x000000071a100000, 0x000000071a100000| Complete 
| 417|0x000000071a100000, 0x000000071a200000, 0x000000071a200000|100%|HC|  |TAMS 0x000000071a200000, 0x000000071a200000| Complete 
| 418|0x000000071a200000, 0x000000071a300000, 0x000000071a300000|100%|HC|  |TAMS 0x000000071a300000, 0x000000071a300000| Complete 
| 419|0x000000071a300000, 0x000000071a400000, 0x000000071a400000|100%|HC|  |TAMS 0x000000071a400000, 0x000000071a400000| Complete 
| 420|0x000000071a400000, 0x000000071a500000, 0x000000071a500000|100%|HC|  |TAMS 0x000000071a500000, 0x000000071a500000| Complete 
| 421|0x000000071a500000, 0x000000071a600000, 0x000000071a600000|100%|HC|  |TAMS 0x000000071a600000, 0x000000071a600000| Complete 
| 422|0x000000071a600000, 0x000000071a700000, 0x000000071a700000|100%|HC|  |TAMS 0x000000071a700000, 0x000000071a700000| Complete 
| 423|0x000000071a700000, 0x000000071a800000, 0x000000071a800000|100%|HC|  |TAMS 0x000000071a800000, 0x000000071a800000| Complete 
| 424|0x000000071a800000, 0x000000071a900000, 0x000000071a900000|100%|HC|  |TAMS 0x000000071a900000, 0x000000071a900000| Complete 
| 425|0x000000071a900000, 0x000000071aa00000, 0x000000071aa00000|100%|HC|  |TAMS 0x000000071aa00000, 0x000000071aa00000| Complete 
| 426|0x000000071aa00000, 0x000000071ab00000, 0x000000071ab00000|100%|HC|  |TAMS 0x000000071ab00000, 0x000000071ab00000| Complete 
| 427|0x000000071ab00000, 0x000000071ac00000, 0x000000071ac00000|100%|HC|  |TAMS 0x000000071ac00000, 0x000000071ac00000| Complete 
| 428|0x000000071ac00000, 0x000000071ad00000, 0x000000071ad00000|100%|HC|  |TAMS 0x000000071ad00000, 0x000000071ad00000| Complete 
| 429|0x000000071ad00000, 0x000000071ae00000, 0x000000071ae00000|100%|HC|  |TAMS 0x000000071ae00000, 0x000000071ae00000| Complete 
| 430|0x000000071ae00000, 0x000000071af00000, 0x000000071af00000|100%|HC|  |TAMS 0x000000071af00000, 0x000000071af00000| Complete 
| 431|0x000000071af00000, 0x000000071b000000, 0x000000071b000000|100%|HC|  |TAMS 0x000000071b000000, 0x000000071b000000| Complete 
| 432|0x000000071b000000, 0x000000071b100000, 0x000000071b100000|100%|HC|  |TAMS 0x000000071b100000, 0x000000071b100000| Complete 
| 433|0x000000071b100000, 0x000000071b200000, 0x000000071b200000|100%|HC|  |TAMS 0x000000071b200000, 0x000000071b200000| Complete 
| 434|0x000000071b200000, 0x000000071b300000, 0x000000071b300000|100%|HC|  |TAMS 0x000000071b300000, 0x000000071b300000| Complete 
| 435|0x000000071b300000, 0x000000071b400000, 0x000000071b400000|100%|HC|  |TAMS 0x000000071b400000, 0x000000071b400000| Complete 
| 436|0x000000071b400000, 0x000000071b500000, 0x000000071b500000|100%|HC|  |TAMS 0x000000071b500000, 0x000000071b500000| Complete 
| 437|0x000000071b500000, 0x000000071b600000, 0x000000071b600000|100%|HC|  |TAMS 0x000000071b600000, 0x000000071b600000| Complete 
| 438|0x000000071b600000, 0x000000071b700000, 0x000000071b700000|100%|HC|  |TAMS 0x000000071b700000, 0x000000071b700000| Complete 
| 439|0x000000071b700000, 0x000000071b800000, 0x000000071b800000|100%|HC|  |TAMS 0x000000071b800000, 0x000000071b800000| Complete 
| 440|0x000000071b800000, 0x000000071b900000, 0x000000071b900000|100%|HC|  |TAMS 0x000000071b900000, 0x000000071b900000| Complete 
| 441|0x000000071b900000, 0x000000071ba00000, 0x000000071ba00000|100%|HC|  |TAMS 0x000000071ba00000, 0x000000071ba00000| Complete 
| 442|0x000000071ba00000, 0x000000071bb00000, 0x000000071bb00000|100%|HC|  |TAMS 0x000000071bb00000, 0x000000071bb00000| Complete 
| 443|0x000000071bb00000, 0x000000071bc00000, 0x000000071bc00000|100%|HC|  |TAMS 0x000000071bc00000, 0x000000071bc00000| Complete 
| 444|0x000000071bc00000, 0x000000071bd00000, 0x000000071bd00000|100%|HC|  |TAMS 0x000000071bd00000, 0x000000071bd00000| Complete 
| 445|0x000000071bd00000, 0x000000071be00000, 0x000000071be00000|100%|HC|  |TAMS 0x000000071be00000, 0x000000071be00000| Complete 
| 446|0x000000071be00000, 0x000000071be00000, 0x000000071bf00000|  0%| F|  |TAMS 0x000000071be00000, 0x000000071be00000| Untracked 
| 447|0x000000071bf00000, 0x000000071bf00000, 0x000000071c000000|  0%| F|  |TAMS 0x000000071bf00000, 0x000000071bf00000| Untracked 
| 448|0x000000071c000000, 0x000000071c000000, 0x000000071c100000|  0%| F|  |TAMS 0x000000071c000000, 0x000000071c000000| Untracked 
| 449|0x000000071c100000, 0x000000071c100000, 0x000000071c200000|  0%| F|  |TAMS 0x000000071c100000, 0x000000071c100000| Untracked 
| 450|0x000000071c200000, 0x000000071c200000, 0x000000071c300000|  0%| F|  |TAMS 0x000000071c200000, 0x000000071c200000| Untracked 
| 451|0x000000071c300000, 0x000000071c300000, 0x000000071c400000|  0%| F|  |TAMS 0x000000071c300000, 0x000000071c300000| Untracked 
| 452|0x000000071c400000, 0x000000071c400000, 0x000000071c500000|  0%| F|  |TAMS 0x000000071c400000, 0x000000071c400000| Untracked 
| 453|0x000000071c500000, 0x000000071c500000, 0x000000071c600000|  0%| F|  |TAMS 0x000000071c500000, 0x000000071c500000| Untracked 
| 454|0x000000071c600000, 0x000000071c600000, 0x000000071c700000|  0%| F|  |TAMS 0x000000071c600000, 0x000000071c600000| Untracked 
| 455|0x000000071c700000, 0x000000071c700000, 0x000000071c800000|  0%| F|  |TAMS 0x000000071c700000, 0x000000071c700000| Untracked 
| 456|0x000000071c800000, 0x000000071c800000, 0x000000071c900000|  0%| F|  |TAMS 0x000000071c800000, 0x000000071c800000| Untracked 
| 457|0x000000071c900000, 0x000000071c900000, 0x000000071ca00000|  0%| F|  |TAMS 0x000000071c900000, 0x000000071c900000| Untracked 
| 458|0x000000071ca00000, 0x000000071ca00000, 0x000000071cb00000|  0%| F|  |TAMS 0x000000071ca00000, 0x000000071ca00000| Untracked 
| 459|0x000000071cb00000, 0x000000071cb00000, 0x000000071cc00000|  0%| F|  |TAMS 0x000000071cb00000, 0x000000071cb00000| Untracked 
| 460|0x000000071cc00000, 0x000000071cc00000, 0x000000071cd00000|  0%| F|  |TAMS 0x000000071cc00000, 0x000000071cc00000| Untracked 
| 461|0x000000071cd00000, 0x000000071cd00000, 0x000000071ce00000|  0%| F|  |TAMS 0x000000071cd00000, 0x000000071cd00000| Untracked 
| 462|0x000000071ce00000, 0x000000071ce00000, 0x000000071cf00000|  0%| F|  |TAMS 0x000000071ce00000, 0x000000071ce00000| Untracked 
| 463|0x000000071cf00000, 0x000000071cf00000, 0x000000071d000000|  0%| F|  |TAMS 0x000000071cf00000, 0x000000071cf00000| Untracked 
| 464|0x000000071d000000, 0x000000071d000000, 0x000000071d100000|  0%| F|  |TAMS 0x000000071d000000, 0x000000071d000000| Untracked 
| 465|0x000000071d100000, 0x000000071d100000, 0x000000071d200000|  0%| F|  |TAMS 0x000000071d100000, 0x000000071d100000| Untracked 
| 466|0x000000071d200000, 0x000000071d200000, 0x000000071d300000|  0%| F|  |TAMS 0x000000071d200000, 0x000000071d200000| Untracked 
| 467|0x000000071d300000, 0x000000071d300000, 0x000000071d400000|  0%| F|  |TAMS 0x000000071d300000, 0x000000071d300000| Untracked 
| 468|0x000000071d400000, 0x000000071d400000, 0x000000071d500000|  0%| F|  |TAMS 0x000000071d400000, 0x000000071d400000| Untracked 
| 469|0x000000071d500000, 0x000000071d500000, 0x000000071d600000|  0%| F|  |TAMS 0x000000071d500000, 0x000000071d500000| Untracked 
| 470|0x000000071d600000, 0x000000071d600000, 0x000000071d700000|  0%| F|  |TAMS 0x000000071d600000, 0x000000071d600000| Untracked 
| 471|0x000000071d700000, 0x000000071d700000, 0x000000071d800000|  0%| F|  |TAMS 0x000000071d700000, 0x000000071d700000| Untracked 
| 472|0x000000071d800000, 0x000000071d800000, 0x000000071d900000|  0%| F|  |TAMS 0x000000071d800000, 0x000000071d800000| Untracked 
| 473|0x000000071d900000, 0x000000071d900000, 0x000000071da00000|  0%| F|  |TAMS 0x000000071d900000, 0x000000071d900000| Untracked 
| 474|0x000000071da00000, 0x000000071da00000, 0x000000071db00000|  0%| F|  |TAMS 0x000000071da00000, 0x000000071da00000| Untracked 
| 475|0x000000071db00000, 0x000000071db00000, 0x000000071dc00000|  0%| F|  |TAMS 0x000000071db00000, 0x000000071db00000| Untracked 
| 476|0x000000071dc00000, 0x000000071dc00000, 0x000000071dd00000|  0%| F|  |TAMS 0x000000071dc00000, 0x000000071dc00000| Untracked 
| 477|0x000000071dd00000, 0x000000071dd00000, 0x000000071de00000|  0%| F|  |TAMS 0x000000071dd00000, 0x000000071dd00000| Untracked 
| 478|0x000000071de00000, 0x000000071de00000, 0x000000071df00000|  0%| F|  |TAMS 0x000000071de00000, 0x000000071de00000| Untracked 
| 479|0x000000071df00000, 0x000000071df00000, 0x000000071e000000|  0%| F|  |TAMS 0x000000071df00000, 0x000000071df00000| Untracked 
| 480|0x000000071e000000, 0x000000071e000000, 0x000000071e100000|  0%| F|  |TAMS 0x000000071e000000, 0x000000071e000000| Untracked 
| 481|0x000000071e100000, 0x000000071e100000, 0x000000071e200000|  0%| F|  |TAMS 0x000000071e100000, 0x000000071e100000| Untracked 
| 482|0x000000071e200000, 0x000000071e200000, 0x000000071e300000|  0%| F|  |TAMS 0x000000071e200000, 0x000000071e200000| Untracked 
| 483|0x000000071e300000, 0x000000071e300000, 0x000000071e400000|  0%| F|  |TAMS 0x000000071e300000, 0x000000071e300000| Untracked 
| 484|0x000000071e400000, 0x000000071e400000, 0x000000071e500000|  0%| F|  |TAMS 0x000000071e400000, 0x000000071e400000| Untracked 
| 485|0x000000071e500000, 0x000000071e500000, 0x000000071e600000|  0%| F|  |TAMS 0x000000071e500000, 0x000000071e500000| Untracked 
| 486|0x000000071e600000, 0x000000071e600000, 0x000000071e700000|  0%| F|  |TAMS 0x000000071e600000, 0x000000071e600000| Untracked 
| 487|0x000000071e700000, 0x000000071e700000, 0x000000071e800000|  0%| F|  |TAMS 0x000000071e700000, 0x000000071e700000| Untracked 
| 488|0x000000071e800000, 0x000000071e800000, 0x000000071e900000|  0%| F|  |TAMS 0x000000071e800000, 0x000000071e800000| Untracked 
| 489|0x000000071e900000, 0x000000071e900000, 0x000000071ea00000|  0%| F|  |TAMS 0x000000071e900000, 0x000000071e900000| Untracked 
| 490|0x000000071ea00000, 0x000000071ea00000, 0x000000071eb00000|  0%| F|  |TAMS 0x000000071ea00000, 0x000000071ea00000| Untracked 
| 491|0x000000071eb00000, 0x000000071eb00000, 0x000000071ec00000|  0%| F|  |TAMS 0x000000071eb00000, 0x000000071eb00000| Untracked 
| 492|0x000000071ec00000, 0x000000071ec00000, 0x000000071ed00000|  0%| F|  |TAMS 0x000000071ec00000, 0x000000071ec00000| Untracked 
| 493|0x000000071ed00000, 0x000000071ed00000, 0x000000071ee00000|  0%| F|  |TAMS 0x000000071ed00000, 0x000000071ed00000| Untracked 
| 494|0x000000071ee00000, 0x000000071ee00000, 0x000000071ef00000|  0%| F|  |TAMS 0x000000071ee00000, 0x000000071ee00000| Untracked 
| 495|0x000000071ef00000, 0x000000071ef00000, 0x000000071f000000|  0%| F|  |TAMS 0x000000071ef00000, 0x000000071ef00000| Untracked 
| 496|0x000000071f000000, 0x000000071f000000, 0x000000071f100000|  0%| F|  |TAMS 0x000000071f000000, 0x000000071f000000| Untracked 
| 497|0x000000071f100000, 0x000000071f100000, 0x000000071f200000|  0%| F|  |TAMS 0x000000071f100000, 0x000000071f100000| Untracked 
| 498|0x000000071f200000, 0x000000071f200000, 0x000000071f300000|  0%| F|  |TAMS 0x000000071f200000, 0x000000071f200000| Untracked 
| 499|0x000000071f300000, 0x000000071f300000, 0x000000071f400000|  0%| F|  |TAMS 0x000000071f300000, 0x000000071f300000| Untracked 
| 500|0x000000071f400000, 0x000000071f400000, 0x000000071f500000|  0%| F|  |TAMS 0x000000071f400000, 0x000000071f400000| Untracked 
| 501|0x000000071f500000, 0x000000071f500000, 0x000000071f600000|  0%| F|  |TAMS 0x000000071f500000, 0x000000071f500000| Untracked 
| 502|0x000000071f600000, 0x000000071f600000, 0x000000071f700000|  0%| F|  |TAMS 0x000000071f600000, 0x000000071f600000| Untracked 
| 503|0x000000071f700000, 0x000000071f700000, 0x000000071f800000|  0%| F|  |TAMS 0x000000071f700000, 0x000000071f700000| Untracked 
| 504|0x000000071f800000, 0x000000071f800000, 0x000000071f900000|  0%| F|  |TAMS 0x000000071f800000, 0x000000071f800000| Untracked 
| 505|0x000000071f900000, 0x000000071f900000, 0x000000071fa00000|  0%| F|  |TAMS 0x000000071f900000, 0x000000071f900000| Untracked 

Card table byte_map: [0x000001f759050000,0x000001f759850000] _byte_map_base: 0x000001f755850000

Marking Bits (Prev, Next): (CMBitMap*) 0x000001f7415895e0, (CMBitMap*) 0x000001f7415895a8
 Prev Bits: [0x000001f75e050000, 0x000001f762050000)
 Next Bits: [0x000001f75a050000, 0x000001f75e050000)

Polling page: 0x000001f73f2b0000

Metaspace:

Usage:
  Non-class:      4.01 MB capacity,     3.93 MB ( 98%) used,    80.52 KB (  2%) free+waste,   256 bytes ( <1%) overhead. 
      Class:    428.00 KB capacity,   395.18 KB ( 92%) used,    32.32 KB (  8%) free+waste,   512 bytes ( <1%) overhead. 
       Both:      4.43 MB capacity,     4.32 MB ( 97%) used,   112.84 KB (  2%) free+waste,   768 bytes ( <1%) overhead. 

Virtual space:
  Non-class space:        8.00 MB reserved,       4.25 MB ( 53%) committed 
      Class space:        1.00 GB reserved,     512.00 KB ( <1%) committed 
             Both:        1.01 GB reserved,       4.75 MB ( <1%) committed 

Chunk freelists:
   Non-Class:  0 bytes
       Class:  2.50 KB
        Both:  2.50 KB

CodeHeap 'non-profiled nmethods': size=120064Kb used=178Kb max_used=178Kb free=119885Kb
 bounds [0x000001f751310000, 0x000001f751580000, 0x000001f758850000]
CodeHeap 'profiled nmethods': size=120000Kb used=424Kb max_used=424Kb free=119575Kb
 bounds [0x000001f749de0000, 0x000001f74a050000, 0x000001f751310000]
CodeHeap 'non-nmethods': size=5696Kb used=1017Kb max_used=1057Kb free=4678Kb
 bounds [0x000001f749850000, 0x000001f749ac0000, 0x000001f749de0000]
 total_blobs=665 nmethods=241 adapters=189
 compilation: enabled
              stopped_count=0, restarted_count=0
 full_count=0

Compilation events (10 events):
Event: 0.797 Thread 0x000001f764ce3800  239 % !   3       edu.handong.analysise.utils.Utils::getLines @ 42 (141 bytes)
Event: 0.800 Thread 0x000001f764ce3800 nmethod 239% 0x000001f749e43790 code [0x000001f749e43c00, 0x000001f749e460b0]
Event: 0.806 Thread 0x000001f764ce3800  240   !   3       edu.handong.analysise.utils.Utils::getLines (141 bytes)
Event: 0.809 Thread 0x000001f764ce3800 nmethod 240 0x000001f749e47110 code [0x000001f749e47560, 0x000001f749e49340]
Event: 0.812 Thread 0x000001f764cd5000  241       4       java.io.BufferedReader::fill (170 bytes)
Event: 0.815 Thread 0x000001f764cd5000 nmethod 241 0x000001f751339510 code [0x000001f7513396c0, 0x000001f751339828]
Event: 0.817 Thread 0x000001f764cd5000  242   !   4       java.io.BufferedReader::readLine (304 bytes)
Event: 0.856 Thread 0x000001f764cd5000 nmethod 242 0x000001f751339a10 code [0x000001f751339c60, 0x000001f75133b230]
Event: 1.141 Thread 0x000001f764cd5000  243 % !   4       edu.handong.analysise.utils.Utils::getLines @ 42 (141 bytes)
Event: 1.154 Thread 0x000001f764cd5000 nmethod 243% 0x000001f75133be10 code [0x000001f75133c000, 0x000001f75133c4c0]

GC Heap History (10 events):
Event: 242.830 GC heap before
{Heap before GC invocations=35 (full 0):
 garbage-first heap   total 334848K, used 150186K [0x0000000700000000, 0x0000000800000000)
  region size 1024K, 25 young (25600K), 0 survivors (0K)
 Metaspace       used 4422K, capacity 4536K, committed 4864K, reserved 1056768K
  class space    used 395K, capacity 428K, committed 512K, reserved 1048576K
}
Event: 242.831 GC heap after
{Heap after GC invocations=36 (full 0):
 garbage-first heap   total 334848K, used 125610K [0x0000000700000000, 0x0000000800000000)
  region size 1024K, 0 young (0K), 0 survivors (0K)
 Metaspace       used 4422K, capacity 4536K, committed 4864K, reserved 1056768K
  class space    used 395K, capacity 428K, committed 512K, reserved 1048576K
}
Event: 272.040 GC heap before
{Heap before GC invocations=37 (full 0):
 garbage-first heap   total 518144K, used 482986K [0x0000000700000000, 0x0000000800000000)
  region size 1024K, 170 young (174080K), 0 survivors (0K)
 Metaspace       used 4422K, capacity 4536K, committed 4864K, reserved 1056768K
  class space    used 395K, capacity 428K, committed 512K, reserved 1048576K
}
Event: 272.041 GC heap after
{Heap after GC invocations=38 (full 0):
 garbage-first heap   total 518144K, used 308906K [0x0000000700000000, 0x0000000800000000)
  region size 1024K, 0 young (0K), 0 survivors (0K)
 Metaspace       used 4422K, capacity 4536K, committed 4864K, reserved 1056768K
  class space    used 395K, capacity 428K, committed 512K, reserved 1048576K
}
Event: 296.648 GC heap before
{Heap before GC invocations=38 (full 0):
 garbage-first heap   total 518144K, used 464554K [0x0000000700000000, 0x0000000800000000)
  region size 1024K, 152 young (155648K), 0 survivors (0K)
 Metaspace       used 4422K, capacity 4536K, committed 4864K, reserved 1056768K
  class space    used 395K, capacity 428K, committed 512K, reserved 1048576K
}
Event: 296.649 GC heap after
{Heap after GC invocations=39 (full 0):
 garbage-first heap   total 518144K, used 308906K [0x0000000700000000, 0x0000000800000000)
  region size 1024K, 0 young (0K), 0 survivors (0K)
 Metaspace       used 4422K, capacity 4536K, committed 4864K, reserved 1056768K
  class space    used 395K, capacity 428K, committed 512K, reserved 1048576K
}
Event: 321.510 GC heap before
{Heap before GC invocations=40 (full 0):
 garbage-first heap   total 518144K, used 342698K [0x0000000700000000, 0x0000000800000000)
  region size 1024K, 152 young (155648K), 0 survivors (0K)
 Metaspace       used 4422K, capacity 4536K, committed 4864K, reserved 1056768K
  class space    used 395K, capacity 428K, committed 512K, reserved 1048576K
}
Event: 321.510 GC heap after
{Heap after GC invocations=41 (full 0):
 garbage-first heap   total 518144K, used 187050K [0x0000000700000000, 0x0000000800000000)
  region size 1024K, 0 young (0K), 0 survivors (0K)
 Metaspace       used 4422K, capacity 4536K, committed 4864K, reserved 1056768K
  class space    used 395K, capacity 428K, committed 512K, reserved 1048576K
}
Event: 362.644 GC heap before
{Heap before GC invocations=41 (full 0):
 garbage-first heap   total 518144K, used 432810K [0x0000000700000000, 0x0000000800000000)
  region size 1024K, 241 young (246784K), 0 survivors (0K)
 Metaspace       used 4422K, capacity 4536K, committed 4864K, reserved 1056768K
  class space    used 395K, capacity 428K, committed 512K, reserved 1048576K
}
Event: 362.645 GC heap after
{Heap after GC invocations=42 (full 0):
 garbage-first heap   total 518144K, used 187050K [0x0000000700000000, 0x0000000800000000)
  region size 1024K, 0 young (0K), 0 survivors (0K)
 Metaspace       used 4422K, capacity 4536K, committed 4864K, reserved 1056768K
  class space    used 395K, capacity 428K, committed 512K, reserved 1048576K
}

Deoptimization events (2 events):
Event: 0.166 Thread 0x000001f741523800 Uncommon trap: reason=unstable_if action=reinterpret pc=0x000001f751315264 method=java.lang.String.hashCode()I @ 14 c2
Event: 0.317 Thread 0x000001f741523800 Uncommon trap: reason=unstable_if action=reinterpret pc=0x000001f75131b594 method=java.io.BufferedReader.readLine(Z)Ljava/lang/String; @ 55 c2

Classes redefined (0 events):
No events

Internal exceptions (0 events):
No events

Events (10 events):
Event: 296.648 Executing VM operation: G1CollectForAllocation
Event: 296.649 Executing VM operation: G1CollectForAllocation done
Event: 296.863 Executing VM operation: CGC_Operation
Event: 296.864 Executing VM operation: CGC_Operation done
Event: 296.920 Executing VM operation: CGC_Operation
Event: 296.920 Executing VM operation: CGC_Operation done
Event: 321.510 Executing VM operation: G1CollectForAllocation
Event: 321.510 Executing VM operation: G1CollectForAllocation done
Event: 362.644 Executing VM operation: G1CollectForAllocation
Event: 362.645 Executing VM operation: G1CollectForAllocation done


Dynamic libraries:
0x00007ff75bd10000 - 0x00007ff75bd57000 	C:\Program Files\Java\jdk-11.0.2\bin\javaw.exe
0x00007ffdbed80000 - 0x00007ffdbef61000 	C:\Windows\SYSTEM32\ntdll.dll
0x00007ffdbec90000 - 0x00007ffdbed41000 	C:\Windows\System32\KERNEL32.DLL
0x00007ffdbb730000 - 0x00007ffdbb9a3000 	C:\Windows\System32\KERNELBASE.dll
0x00007ffdbe230000 - 0x00007ffdbe2d1000 	C:\Windows\System32\ADVAPI32.dll
0x00007ffdbe530000 - 0x00007ffdbe5ce000 	C:\Windows\System32\msvcrt.dll
0x00007ffdbe7d0000 - 0x00007ffdbe82b000 	C:\Windows\System32\sechost.dll
0x00007ffdbe6a0000 - 0x00007ffdbe7c4000 	C:\Windows\System32\RPCRT4.dll
0x00007ffdbdb70000 - 0x00007ffdbdd00000 	C:\Windows\System32\USER32.dll
0x00007ffdbb150000 - 0x00007ffdbb170000 	C:\Windows\System32\win32u.dll
0x00007ffdbdd00000 - 0x00007ffdbdd28000 	C:\Windows\System32\GDI32.dll
0x00007ffdbb360000 - 0x00007ffdbb4f2000 	C:\Windows\System32\gdi32full.dll
0x00007ffdbc120000 - 0x00007ffdbc1bf000 	C:\Windows\System32\msvcp_win.dll
0x00007ffdbb630000 - 0x00007ffdbb728000 	C:\Windows\System32\ucrtbase.dll
0x00007ffdadd20000 - 0x00007ffdadf89000 	C:\Windows\WinSxS\amd64_microsoft.windows.common-controls_6595b64144ccf1df_6.0.17134.765_none_fb42a1a930655896\COMCTL32.dll
0x00007ffdb25b0000 - 0x00007ffdb25ba000 	C:\Windows\SYSTEM32\VERSION.dll
0x00007ffdbe860000 - 0x00007ffdbeb82000 	C:\Windows\System32\combase.dll
0x00007ffdbb500000 - 0x00007ffdbb57a000 	C:\Windows\System32\bcryptPrimitives.dll
0x00007ffdbe830000 - 0x00007ffdbe85d000 	C:\Windows\System32\IMM32.DLL
0x00007ffdac080000 - 0x00007ffdac096000 	C:\Program Files\Java\jdk-11.0.2\bin\vcruntime140.dll
0x00007ffd83300000 - 0x00007ffd833aa000 	C:\Program Files\Java\jdk-11.0.2\bin\msvcp140.dll
0x00007ffd74c00000 - 0x00007ffd75727000 	C:\Program Files\Java\jdk-11.0.2\bin\server\jvm.dll
0x00007ffdbdf60000 - 0x00007ffdbdf68000 	C:\Windows\System32\PSAPI.DLL
0x00007ffda29f0000 - 0x00007ffda29f9000 	C:\Windows\SYSTEM32\WSOCK32.dll
0x00007ffdb8ba0000 - 0x00007ffdb8bc3000 	C:\Windows\SYSTEM32\WINMM.dll
0x00007ffdbdd50000 - 0x00007ffdbddbc000 	C:\Windows\System32\WS2_32.dll
0x00007ffdb8b70000 - 0x00007ffdb8b9a000 	C:\Windows\SYSTEM32\winmmbase.dll
0x00007ffdbc1c0000 - 0x00007ffdbc209000 	C:\Windows\System32\cfgmgr32.dll
0x00007ffdbb110000 - 0x00007ffdbb121000 	C:\Windows\System32\kernel.appcore.dll
0x00007ffd80f50000 - 0x00007ffd80f61000 	C:\Program Files\Java\jdk-11.0.2\bin\verify.dll
0x00007ffda2b20000 - 0x00007ffda2ce9000 	C:\Windows\SYSTEM32\DBGHELP.DLL
0x00007ffda2af0000 - 0x00007ffda2b19000 	C:\Windows\SYSTEM32\dbgcore.DLL
0x00007ffd80f20000 - 0x00007ffd80f49000 	C:\Program Files\Java\jdk-11.0.2\bin\java.dll
0x00007ffd80f00000 - 0x00007ffd80f16000 	C:\Program Files\Java\jdk-11.0.2\bin\zip.dll
0x00007ffd99d30000 - 0x00007ffd99d3a000 	C:\Program Files\Java\jdk-11.0.2\bin\jimage.dll
0x00007ffdbc2d0000 - 0x00007ffdbd710000 	C:\Windows\System32\SHELL32.dll
0x00007ffdbe0f0000 - 0x00007ffdbe199000 	C:\Windows\System32\shcore.dll
0x00007ffdbba10000 - 0x00007ffdbc11d000 	C:\Windows\System32\windows.storage.dll
0x00007ffdbec30000 - 0x00007ffdbec81000 	C:\Windows\System32\shlwapi.dll
0x00007ffdbb130000 - 0x00007ffdbb14f000 	C:\Windows\System32\profapi.dll
0x00007ffdbb0a0000 - 0x00007ffdbb0ec000 	C:\Windows\System32\powrprof.dll
0x00007ffdbb090000 - 0x00007ffdbb09a000 	C:\Windows\System32\FLTLIB.DLL
0x00007ffd80ee0000 - 0x00007ffd80ef9000 	C:\Program Files\Java\jdk-11.0.2\bin\net.dll
0x00007ffdaf920000 - 0x00007ffdafae8000 	C:\Windows\SYSTEM32\urlmon.dll
0x00007ffdb61e0000 - 0x00007ffdb62bd000 	C:\Windows\SYSTEM32\WINHTTP.dll
0x00007ffdafed0000 - 0x00007ffdb0177000 	C:\Windows\SYSTEM32\iertutil.dll
0x00007ffdbaae0000 - 0x00007ffdbaaeb000 	C:\Windows\SYSTEM32\CRYPTBASE.DLL
0x00007ffdba910000 - 0x00007ffdba976000 	C:\Windows\system32\mswsock.dll
0x00007ffd80ec0000 - 0x00007ffd80ed3000 	C:\Program Files\Java\jdk-11.0.2\bin\nio.dll

dbghelp: loaded successfully - version: 4.0.5 - missing functions: none
symbol engine: initialized successfully - sym options: 0x614 - pdb path: .;C:\Program Files\Java\jdk-11.0.2\bin;C:\Windows\SYSTEM32;C:\Windows\WinSxS\amd64_microsoft.windows.common-controls_6595b64144ccf1df_6.0.17134.765_none_fb42a1a930655896;C:\Program Files\Java\jdk-11.0.2\bin\server

VM Arguments:
jvm_args: -Xms128m -Xmx4096m -Dfile.encoding=UTF-8 
java_command: edu.handong.analysis.Main ./hw5data.csv ./hw5data.csv
java_class_path (initial): C:\git\HGUCourseCounter\bin\main;C:\Users\KimChanKyung\.gradle\caches\modules-2\files-2.1\org.apache.commons\commons-math3\3.6.1\e4ba98f1d4b3c80ec46392f25e094a6a2e58fcbf\commons-math3-3.6.1.jar;C:\Users\KimChanKyung\.gradle\caches\modules-2\files-2.1\com.google.guava\guava\27.0.1-jre\bd41a290787b5301e63929676d792c507bbc00ae\guava-27.0.1-jre.jar;C:\Users\KimChanKyung\.gradle\caches\modules-2\files-2.1\com.google.guava\failureaccess\1.0.1\1dcf1de382a0bf95a3d8b0849546c88bac1292c9\failureaccess-1.0.1.jar;C:\Users\KimChanKyung\.gradle\caches\modules-2\files-2.1\com.google.guava\listenablefuture\9999.0-empty-to-avoid-conflict-with-guava\b421526c5f297295adef1c886e5246c39d4ac629\listenablefuture-9999.0-empty-to-avoid-conflict-with-guava.jar;C:\Users\KimChanKyung\.gradle\caches\modules-2\files-2.1\com.google.code.findbugs\jsr305\3.0.2\25ea2e8b0c338a877313bd4672d3fe056ea78f0d\jsr305-3.0.2.jar;C:\Users\KimChanKyung\.gradle\caches\modules-2\files-2.1\org.checkerframework\checker-qual\2.5.2\cea74543d5904a30861a61b4643a5f2bb372efc4\checker-qual-2.5.2.jar;C:\Users\KimChanKyung\.gradle\caches\modules-2\files-2.1\com.google.errorprone\error_prone_annotations\2.2.0\88e3c593e9b3586e1c6177f89267da6fc6986f0c\error_prone_annotations-2.2.0.jar;C:\Users\KimChanKyung\.gradle\caches\modules-2\files-2.1\com.google.j2objc\j2objc-annotations\1.1\976d8d30bebc251db406f2bdb3eb01962b5685b3\j2objc-annotations-1.1.jar;C:\Users\KimChanKyung\.gradle\caches\modules-2\files-2.1\org.codehaus.mojo\animal-sniffer-annotations\1.17\f97ce6decaea32b36101e37979f8b647f00681fb\animal-sniffer-annotations-1.17.jar
Launcher Type: SUN_STANDARD

[Global flags]
     intx CICompilerCount                          = 3                                         {product} {ergonomic}
     uint ConcGCThreads                            = 1                                         {product} {ergonomic}
     uint G1ConcRefinementThreads                  = 4                                         {product} {ergonomic}
   size_t G1HeapRegionSize                         = 1048576                                   {product} {ergonomic}
    uintx GCDrainStackTargetSize                   = 64                                        {product} {ergonomic}
   size_t InitialHeapSize                          = 134217728                                 {product} {command line}
   size_t MarkStackSize                            = 4194304                                   {product} {ergonomic}
   size_t MaxHeapSize                              = 4294967296                                {product} {command line}
   size_t MaxNewSize                               = 2576351232                                {product} {ergonomic}
   size_t MinHeapDeltaBytes                        = 1048576                                   {product} {ergonomic}
    uintx NonNMethodCodeHeapSize                   = 5830092                                {pd product} {ergonomic}
    uintx NonProfiledCodeHeapSize                  = 122914074                              {pd product} {ergonomic}
    uintx ProfiledCodeHeapSize                     = 122914074                              {pd product} {ergonomic}
    uintx ReservedCodeCacheSize                    = 251658240                              {pd product} {ergonomic}
     bool SegmentedCodeCache                       = true                                      {product} {ergonomic}
     bool UseCompressedClassPointers               = true                                 {lp64_product} {ergonomic}
     bool UseCompressedOops                        = true                                 {lp64_product} {ergonomic}
     bool UseG1GC                                  = true                                      {product} {ergonomic}
     bool UseLargePagesIndividualAllocation        = false                                  {pd product} {ergonomic}

Logging:
Log output configuration:
 #0: stdout all=warning uptime,level,tags
 #1: stderr all=off uptime,level,tags

Environment Variables:
PATH=C:/Program Files/Java/jdk-11.0.2/bin/server;C:/Program Files/Java/jdk-11.0.2/bin;C:\Program Files (x86)\Intel\iCLS Client\;C:\Program Files\Intel\iCLS Client\;C:\Windows\system32;C:\Windows;C:\Windows\System32\Wbem;C:\Windows\System32\WindowsPowerShell\v1.0\;C:\Windows\System32\OpenSSH\;c:\Program Files\Intel\WiFi\bin\;c:\Program Files\Common Files\Intel\WirelessCommon\;C:\Program Files\Intel\Intel(R) Management Engine Components\DAL;C:\Program Files\Intel\Intel(R) Management Engine Components\IPT;C:\Program Files (x86)\Intel\Intel(R) Management Engine Components\DAL;C:\Program Files (x86)\Intel\Intel(R) Management Engine Components\IPT;C:\Program Files\dotnet\;C:\Program Files\Microsoft SQL Server\130\Tools\Binn\;C:\HashiCorp\Vagrant\bin;C:\Program Files\Java\jdk-11.0.2\bin;C:\Program Files\Git\cmd;C:\Users\KimChanKyung\AppData\Local\Microsoft\WindowsApps;c:\Program Files\Intel\WiFi\bin\;c:\Program Files\Common Files\Intel\WirelessCommon\;C:\Users\KimChanKyung\AppData\Local\Programs\Microsoft VS Code\bin;C:\Gradle\gradle-5.4\bin;C:\Users\KimChanKyung\AppData\Local\GitHubDesktop\bin;C:\Users\KimChanKyung\Desktop;
USERNAME=KimChanKyung
OS=Windows_NT
PROCESSOR_IDENTIFIER=Intel64 Family 6 Model 69 Stepping 1, GenuineIntel



---------------  S Y S T E M  ---------------

OS: Windows 10 , 64 bit Build 17134 (10.0.17134.753)

CPU:total 4 (initial active 4) (2 cores per cpu, 2 threads per core) family 6 model 69 stepping 1, cmov, cx8, fxsr, mmx, sse, sse2, sse3, ssse3, sse4.1, sse4.2, popcnt, avx, avx2, aes, clmul, erms, lzcnt, ht, tsc, tscinvbit, bmi1, bmi2, fma

Memory: 4k page, system-wide physical 4026M (543M free)
TotalPageFile size 16314M (AvailPageFile size 231M)
current process WorkingSet (physical memory assigned to process): 499M, peak: 514M
current process commit charge ("private bytes"): 592M, peak: 860M

vm_info: Java HotSpot(TM) 64-Bit Server VM (11.0.2+9-LTS) for windows-amd64 JRE (11.0.2+9-LTS), built on Jan 18 2019 05:24:10 by "mach5one" with MS VC++ 15.5 (VS2017)

END.
